random seed=777
dataset configuration: batch size = 16
===> Epoch[1](10/54): Avg. Loss: 1.0949
===> Epoch[1](20/54): Avg. Loss: 0.8337
===> Epoch[1](30/54): Avg. Loss: 0.7857
===> Epoch[1](40/54): Avg. Loss: 0.6527
===> Epoch[1](50/54): Avg. Loss: 0.5725
Val Error: 
	Accuracy: 81.4%, Avg loss: 0.526375 
===> Epoch[2](10/54): Avg. Loss: 0.3593
===> Epoch[2](20/54): Avg. Loss: 0.4536
===> Epoch[2](30/54): Avg. Loss: 0.2915
===> Epoch[2](40/54): Avg. Loss: 0.3451
===> Epoch[2](50/54): Avg. Loss: 0.4328
Val Error: 
	Accuracy: 88.8%, Avg loss: 0.555322 
===> Epoch[3](10/54): Avg. Loss: 0.2908
===> Epoch[3](20/54): Avg. Loss: 0.2429
===> Epoch[3](30/54): Avg. Loss: 0.1990
===> Epoch[3](40/54): Avg. Loss: 0.3400
===> Epoch[3](50/54): Avg. Loss: 0.2082
Val Error: 
	Accuracy: 77.0%, Avg loss: 0.725563 
===> Epoch[4](10/54): Avg. Loss: 0.2732
===> Epoch[4](20/54): Avg. Loss: 0.1355
===> Epoch[4](30/54): Avg. Loss: 0.2008
===> Epoch[4](40/54): Avg. Loss: 0.1667
===> Epoch[4](50/54): Avg. Loss: 0.2924
Val Error: 
	Accuracy: 89.4%, Avg loss: 0.372808 
===> Epoch[5](10/54): Avg. Loss: 0.1264
===> Epoch[5](20/54): Avg. Loss: 0.1911
===> Epoch[5](30/54): Avg. Loss: 0.2189
===> Epoch[5](40/54): Avg. Loss: 0.1473
===> Epoch[5](50/54): Avg. Loss: 0.1900
Val Error: 
	Accuracy: 86.3%, Avg loss: 0.440362 
===> Epoch[6](10/54): Avg. Loss: 0.1403
===> Epoch[6](20/54): Avg. Loss: 0.1546
===> Epoch[6](30/54): Avg. Loss: 0.0890
===> Epoch[6](40/54): Avg. Loss: 0.2233
===> Epoch[6](50/54): Avg. Loss: 0.1691
Val Error: 
	Accuracy: 85.7%, Avg loss: 0.446300 
===> Epoch[7](10/54): Avg. Loss: 0.1727
===> Epoch[7](20/54): Avg. Loss: 0.1285
===> Epoch[7](30/54): Avg. Loss: 0.1888
===> Epoch[7](40/54): Avg. Loss: 0.1690
===> Epoch[7](50/54): Avg. Loss: 0.1492
Val Error: 
	Accuracy: 91.3%, Avg loss: 0.284740 
===> Epoch[8](10/54): Avg. Loss: 0.1032
===> Epoch[8](20/54): Avg. Loss: 0.1371
===> Epoch[8](30/54): Avg. Loss: 0.2678
===> Epoch[8](40/54): Avg. Loss: 0.1620
===> Epoch[8](50/54): Avg. Loss: 0.1474
Val Error: 
	Accuracy: 85.7%, Avg loss: 0.616643 
===> Epoch[9](10/54): Avg. Loss: 0.1332
===> Epoch[9](20/54): Avg. Loss: 0.2202
===> Epoch[9](30/54): Avg. Loss: 0.1260
===> Epoch[9](40/54): Avg. Loss: 0.1442
===> Epoch[9](50/54): Avg. Loss: 0.1166
Val Error: 
	Accuracy: 87.0%, Avg loss: 0.422999 
===> Epoch[10](10/54): Avg. Loss: 0.1335
===> Epoch[10](20/54): Avg. Loss: 0.1320
===> Epoch[10](30/54): Avg. Loss: 0.0915
===> Epoch[10](40/54): Avg. Loss: 0.0953
===> Epoch[10](50/54): Avg. Loss: 0.1759
Val Error: 
	Accuracy: 87.6%, Avg loss: 0.575339 
===> Epoch[11](10/54): Avg. Loss: 0.1761
===> Epoch[11](20/54): Avg. Loss: 0.0649
===> Epoch[11](30/54): Avg. Loss: 0.0639
===> Epoch[11](40/54): Avg. Loss: 0.0623
===> Epoch[11](50/54): Avg. Loss: 0.1217
Val Error: 
	Accuracy: 92.5%, Avg loss: 0.319305 
===> Epoch[12](10/54): Avg. Loss: 0.0859
===> Epoch[12](20/54): Avg. Loss: 0.1108
===> Epoch[12](30/54): Avg. Loss: 0.1376
===> Epoch[12](40/54): Avg. Loss: 0.0780
===> Epoch[12](50/54): Avg. Loss: 0.0895
Val Error: 
	Accuracy: 90.1%, Avg loss: 0.301028 
===> Epoch[13](10/54): Avg. Loss: 0.0589
===> Epoch[13](20/54): Avg. Loss: 0.0923
===> Epoch[13](30/54): Avg. Loss: 0.1010
===> Epoch[13](40/54): Avg. Loss: 0.0922
===> Epoch[13](50/54): Avg. Loss: 0.1068
Val Error: 
	Accuracy: 91.9%, Avg loss: 0.350417 
===> Epoch[14](10/54): Avg. Loss: 0.0659
===> Epoch[14](20/54): Avg. Loss: 0.0609
===> Epoch[14](30/54): Avg. Loss: 0.0698
===> Epoch[14](40/54): Avg. Loss: 0.1486
===> Epoch[14](50/54): Avg. Loss: 0.0525
Val Error: 
	Accuracy: 91.9%, Avg loss: 0.347267 
===> Epoch[15](10/54): Avg. Loss: 0.0429
===> Epoch[15](20/54): Avg. Loss: 0.1088
===> Epoch[15](30/54): Avg. Loss: 0.0735
===> Epoch[15](40/54): Avg. Loss: 0.0823
===> Epoch[15](50/54): Avg. Loss: 0.1321
Val Error: 
	Accuracy: 87.0%, Avg loss: 0.499482 
===> Epoch[16](10/54): Avg. Loss: 0.1110
===> Epoch[16](20/54): Avg. Loss: 0.1527
===> Epoch[16](30/54): Avg. Loss: 0.1020
===> Epoch[16](40/54): Avg. Loss: 0.1666
===> Epoch[16](50/54): Avg. Loss: 0.0963
Val Error: 
	Accuracy: 90.1%, Avg loss: 0.315427 
===> Epoch[17](10/54): Avg. Loss: 0.0808
===> Epoch[17](20/54): Avg. Loss: 0.1359
===> Epoch[17](30/54): Avg. Loss: 0.0734
===> Epoch[17](40/54): Avg. Loss: 0.1335
===> Epoch[17](50/54): Avg. Loss: 0.0970
Val Error: 
	Accuracy: 85.1%, Avg loss: 0.482274 
===> Epoch[18](10/54): Avg. Loss: 0.0786
===> Epoch[18](20/54): Avg. Loss: 0.0689
===> Epoch[18](30/54): Avg. Loss: 0.1181
===> Epoch[18](40/54): Avg. Loss: 0.0479
===> Epoch[18](50/54): Avg. Loss: 0.0752
Val Error: 
	Accuracy: 90.1%, Avg loss: 0.486488 
===> Epoch[19](10/54): Avg. Loss: 0.0354
===> Epoch[19](20/54): Avg. Loss: 0.0717
===> Epoch[19](30/54): Avg. Loss: 0.0842
===> Epoch[19](40/54): Avg. Loss: 0.0832
===> Epoch[19](50/54): Avg. Loss: 0.0816
Val Error: 
	Accuracy: 91.3%, Avg loss: 0.461690 
===> Epoch[20](10/54): Avg. Loss: 0.0603
===> Epoch[20](20/54): Avg. Loss: 0.0396
===> Epoch[20](30/54): Avg. Loss: 0.0599
===> Epoch[20](40/54): Avg. Loss: 0.0640
===> Epoch[20](50/54): Avg. Loss: 0.0917
Val Error: 
	Accuracy: 88.2%, Avg loss: 0.638703 
===> Epoch[21](10/54): Avg. Loss: 0.0342
===> Epoch[21](20/54): Avg. Loss: 0.0218
===> Epoch[21](30/54): Avg. Loss: 0.0735
===> Epoch[21](40/54): Avg. Loss: 0.0763
===> Epoch[21](50/54): Avg. Loss: 0.0884
Val Error: 
	Accuracy: 88.8%, Avg loss: 0.435964 
===> Epoch[22](10/54): Avg. Loss: 0.0455
===> Epoch[22](20/54): Avg. Loss: 0.0496
===> Epoch[22](30/54): Avg. Loss: 0.0949
===> Epoch[22](40/54): Avg. Loss: 0.0245
===> Epoch[22](50/54): Avg. Loss: 0.0906
Val Error: 
	Accuracy: 87.6%, Avg loss: 0.391096 
===> Epoch[23](10/54): Avg. Loss: 0.0522
===> Epoch[23](20/54): Avg. Loss: 0.0340
===> Epoch[23](30/54): Avg. Loss: 0.0726
===> Epoch[23](40/54): Avg. Loss: 0.0636
===> Epoch[23](50/54): Avg. Loss: 0.0536
Val Error: 
	Accuracy: 91.9%, Avg loss: 0.321064 
===> Epoch[24](10/54): Avg. Loss: 0.0867
===> Epoch[24](20/54): Avg. Loss: 0.0696
===> Epoch[24](30/54): Avg. Loss: 0.0359
===> Epoch[24](40/54): Avg. Loss: 0.0466
===> Epoch[24](50/54): Avg. Loss: 0.0666
Val Error: 
	Accuracy: 91.9%, Avg loss: 0.306366 
===> Epoch[25](10/54): Avg. Loss: 0.0797
===> Epoch[25](20/54): Avg. Loss: 0.0544
===> Epoch[25](30/54): Avg. Loss: 0.0342
===> Epoch[25](40/54): Avg. Loss: 0.1322
===> Epoch[25](50/54): Avg. Loss: 0.1209
Val Error: 
	Accuracy: 85.1%, Avg loss: 0.748182 
===> Epoch[26](10/54): Avg. Loss: 0.1267
===> Epoch[26](20/54): Avg. Loss: 0.0893
===> Epoch[26](30/54): Avg. Loss: 0.1402
===> Epoch[26](40/54): Avg. Loss: 0.0752
===> Epoch[26](50/54): Avg. Loss: 0.1334
Val Error: 
	Accuracy: 91.3%, Avg loss: 0.263248 
===> Epoch[27](10/54): Avg. Loss: 0.0686
===> Epoch[27](20/54): Avg. Loss: 0.0684
===> Epoch[27](30/54): Avg. Loss: 0.0966
===> Epoch[27](40/54): Avg. Loss: 0.0971
===> Epoch[27](50/54): Avg. Loss: 0.0872
Val Error: 
	Accuracy: 88.8%, Avg loss: 0.435031 
===> Epoch[28](10/54): Avg. Loss: 0.0617
===> Epoch[28](20/54): Avg. Loss: 0.0226
===> Epoch[28](30/54): Avg. Loss: 0.1574
===> Epoch[28](40/54): Avg. Loss: 0.1205
===> Epoch[28](50/54): Avg. Loss: 0.0698
Val Error: 
	Accuracy: 89.4%, Avg loss: 0.454203 
===> Epoch[29](10/54): Avg. Loss: 0.0771
===> Epoch[29](20/54): Avg. Loss: 0.0923
===> Epoch[29](30/54): Avg. Loss: 0.0900
===> Epoch[29](40/54): Avg. Loss: 0.1144
===> Epoch[29](50/54): Avg. Loss: 0.0689
Val Error: 
	Accuracy: 92.5%, Avg loss: 0.250121 
===> Epoch[30](10/54): Avg. Loss: 0.1284
===> Epoch[30](20/54): Avg. Loss: 0.1231
===> Epoch[30](30/54): Avg. Loss: 0.1273
===> Epoch[30](40/54): Avg. Loss: 0.1310
===> Epoch[30](50/54): Avg. Loss: 0.1475
Val Error: 
	Accuracy: 82.6%, Avg loss: 0.729444 
===> Epoch[31](10/54): Avg. Loss: 0.1064
===> Epoch[31](20/54): Avg. Loss: 0.0641
===> Epoch[31](30/54): Avg. Loss: 0.1313
===> Epoch[31](40/54): Avg. Loss: 0.0913
===> Epoch[31](50/54): Avg. Loss: 0.0617
Val Error: 
	Accuracy: 90.1%, Avg loss: 0.391689 
===> Epoch[32](10/54): Avg. Loss: 0.0259
===> Epoch[32](20/54): Avg. Loss: 0.0747
===> Epoch[32](30/54): Avg. Loss: 0.0903
===> Epoch[32](40/54): Avg. Loss: 0.1209
===> Epoch[32](50/54): Avg. Loss: 0.0757
Val Error: 
	Accuracy: 91.9%, Avg loss: 0.276075 
===> Epoch[33](10/54): Avg. Loss: 0.0648
===> Epoch[33](20/54): Avg. Loss: 0.1083
===> Epoch[33](30/54): Avg. Loss: 0.0687
===> Epoch[33](40/54): Avg. Loss: 0.1452
===> Epoch[33](50/54): Avg. Loss: 0.0772
Val Error: 
	Accuracy: 89.4%, Avg loss: 0.402363 
===> Epoch[34](10/54): Avg. Loss: 0.0521
===> Epoch[34](20/54): Avg. Loss: 0.0507
===> Epoch[34](30/54): Avg. Loss: 0.0625
===> Epoch[34](40/54): Avg. Loss: 0.0735
===> Epoch[34](50/54): Avg. Loss: 0.0880
Val Error: 
	Accuracy: 91.3%, Avg loss: 0.464255 
===> Epoch[35](10/54): Avg. Loss: 0.0691
===> Epoch[35](20/54): Avg. Loss: 0.0437
===> Epoch[35](30/54): Avg. Loss: 0.0595
===> Epoch[35](40/54): Avg. Loss: 0.0660
===> Epoch[35](50/54): Avg. Loss: 0.0578
Val Error: 
	Accuracy: 92.5%, Avg loss: 0.272971 
===> Epoch[36](10/54): Avg. Loss: 0.0601
===> Epoch[36](20/54): Avg. Loss: 0.0450
===> Epoch[36](30/54): Avg. Loss: 0.0763
===> Epoch[36](40/54): Avg. Loss: 0.0429
===> Epoch[36](50/54): Avg. Loss: 0.0422
Val Error: 
	Accuracy: 91.9%, Avg loss: 0.336808 
===> Epoch[37](10/54): Avg. Loss: 0.0658
===> Epoch[37](20/54): Avg. Loss: 0.0479
===> Epoch[37](30/54): Avg. Loss: 0.0709
===> Epoch[37](40/54): Avg. Loss: 0.0235
===> Epoch[37](50/54): Avg. Loss: 0.0825
Val Error: 
	Accuracy: 93.2%, Avg loss: 0.332660 
===> Epoch[38](10/54): Avg. Loss: 0.0511
===> Epoch[38](20/54): Avg. Loss: 0.0533
===> Epoch[38](30/54): Avg. Loss: 0.0577
===> Epoch[38](40/54): Avg. Loss: 0.0532
===> Epoch[38](50/54): Avg. Loss: 0.0418
Val Error: 
	Accuracy: 91.9%, Avg loss: 0.312132 
===> Epoch[39](10/54): Avg. Loss: 0.0636
===> Epoch[39](20/54): Avg. Loss: 0.0557
===> Epoch[39](30/54): Avg. Loss: 0.0406
===> Epoch[39](40/54): Avg. Loss: 0.0790
===> Epoch[39](50/54): Avg. Loss: 0.0436
Val Error: 
	Accuracy: 93.2%, Avg loss: 0.298427 
===> Epoch[40](10/54): Avg. Loss: 0.0425
===> Epoch[40](20/54): Avg. Loss: 0.0934
===> Epoch[40](30/54): Avg. Loss: 0.0624
===> Epoch[40](40/54): Avg. Loss: 0.0291
===> Epoch[40](50/54): Avg. Loss: 0.0833
Val Error: 
	Accuracy: 92.5%, Avg loss: 0.258754 
===> Epoch[41](10/54): Avg. Loss: 0.0511
===> Epoch[41](20/54): Avg. Loss: 0.0367
===> Epoch[41](30/54): Avg. Loss: 0.0547
===> Epoch[41](40/54): Avg. Loss: 0.0689
===> Epoch[41](50/54): Avg. Loss: 0.0627
Val Error: 
	Accuracy: 92.5%, Avg loss: 0.249134 
===> Epoch[42](10/54): Avg. Loss: 0.0463
===> Epoch[42](20/54): Avg. Loss: 0.0699
===> Epoch[42](30/54): Avg. Loss: 0.0438
===> Epoch[42](40/54): Avg. Loss: 0.0350
===> Epoch[42](50/54): Avg. Loss: 0.0429
Val Error: 
	Accuracy: 93.8%, Avg loss: 0.296832 
===> Epoch[43](10/54): Avg. Loss: 0.0457
===> Epoch[43](20/54): Avg. Loss: 0.0399
===> Epoch[43](30/54): Avg. Loss: 0.0291
===> Epoch[43](40/54): Avg. Loss: 0.0494
===> Epoch[43](50/54): Avg. Loss: 0.0921
Val Error: 
	Accuracy: 92.5%, Avg loss: 0.257121 
===> Epoch[44](10/54): Avg. Loss: 0.0503
===> Epoch[44](20/54): Avg. Loss: 0.0682
===> Epoch[44](30/54): Avg. Loss: 0.0404
===> Epoch[44](40/54): Avg. Loss: 0.0654
===> Epoch[44](50/54): Avg. Loss: 0.0268
Val Error: 
	Accuracy: 93.8%, Avg loss: 0.276896 
===> Epoch[45](10/54): Avg. Loss: 0.0390
===> Epoch[45](20/54): Avg. Loss: 0.0292
===> Epoch[45](30/54): Avg. Loss: 0.0654
===> Epoch[45](40/54): Avg. Loss: 0.0450
===> Epoch[45](50/54): Avg. Loss: 0.0484
Val Error: 
	Accuracy: 93.8%, Avg loss: 0.307531 
===> Epoch[46](10/54): Avg. Loss: 0.0349
===> Epoch[46](20/54): Avg. Loss: 0.0514
===> Epoch[46](30/54): Avg. Loss: 0.0297
===> Epoch[46](40/54): Avg. Loss: 0.0676
===> Epoch[46](50/54): Avg. Loss: 0.0203
Val Error: 
	Accuracy: 93.8%, Avg loss: 0.311999 
===> Epoch[47](10/54): Avg. Loss: 0.0565
===> Epoch[47](20/54): Avg. Loss: 0.0543
===> Epoch[47](30/54): Avg. Loss: 0.0669
===> Epoch[47](40/54): Avg. Loss: 0.0421
===> Epoch[47](50/54): Avg. Loss: 0.0269
Val Error: 
	Accuracy: 93.2%, Avg loss: 0.298458 
===> Epoch[48](10/54): Avg. Loss: 0.0332
===> Epoch[48](20/54): Avg. Loss: 0.0529
===> Epoch[48](30/54): Avg. Loss: 0.0697
===> Epoch[48](40/54): Avg. Loss: 0.0418
===> Epoch[48](50/54): Avg. Loss: 0.0188
Val Error: 
	Accuracy: 93.2%, Avg loss: 0.269107 
===> Epoch[49](10/54): Avg. Loss: 0.0452
===> Epoch[49](20/54): Avg. Loss: 0.0426
===> Epoch[49](30/54): Avg. Loss: 0.0404
===> Epoch[49](40/54): Avg. Loss: 0.0704
===> Epoch[49](50/54): Avg. Loss: 0.0510
Val Error: 
	Accuracy: 93.2%, Avg loss: 0.267268 
===> Epoch[50](10/54): Avg. Loss: 0.0326
===> Epoch[50](20/54): Avg. Loss: 0.0451
===> Epoch[50](30/54): Avg. Loss: 0.0727
===> Epoch[50](40/54): Avg. Loss: 0.0265
===> Epoch[50](50/54): Avg. Loss: 0.0765
Val Error: 
	Accuracy: 93.8%, Avg loss: 0.282138 
===> Epoch[51](10/54): Avg. Loss: 0.0500
===> Epoch[51](20/54): Avg. Loss: 0.0392
===> Epoch[51](30/54): Avg. Loss: 0.0453
===> Epoch[51](40/54): Avg. Loss: 0.0394
===> Epoch[51](50/54): Avg. Loss: 0.0669
Val Error: 
	Accuracy: 93.2%, Avg loss: 0.285151 
===> Epoch[52](10/54): Avg. Loss: 0.0269
===> Epoch[52](20/54): Avg. Loss: 0.0272
===> Epoch[52](30/54): Avg. Loss: 0.0553
===> Epoch[52](40/54): Avg. Loss: 0.1063
===> Epoch[52](50/54): Avg. Loss: 0.0179
Val Error: 
	Accuracy: 93.8%, Avg loss: 0.293068 
===> Epoch[53](10/54): Avg. Loss: 0.0388
===> Epoch[53](20/54): Avg. Loss: 0.0129
===> Epoch[53](30/54): Avg. Loss: 0.0935
===> Epoch[53](40/54): Avg. Loss: 0.0730
===> Epoch[53](50/54): Avg. Loss: 0.0439
Val Error: 
	Accuracy: 93.2%, Avg loss: 0.269425 
===> Epoch[54](10/54): Avg. Loss: 0.0565
===> Epoch[54](20/54): Avg. Loss: 0.0614
===> Epoch[54](30/54): Avg. Loss: 0.0277
===> Epoch[54](40/54): Avg. Loss: 0.0514
===> Epoch[54](50/54): Avg. Loss: 0.0590
Val Error: 
	Accuracy: 93.2%, Avg loss: 0.277034 
===> Epoch[55](10/54): Avg. Loss: 0.0520
===> Epoch[55](20/54): Avg. Loss: 0.0110
===> Epoch[55](30/54): Avg. Loss: 0.0635
===> Epoch[55](40/54): Avg. Loss: 0.0665
===> Epoch[55](50/54): Avg. Loss: 0.0312
Val Error: 
	Accuracy: 92.5%, Avg loss: 0.335861 
===> Epoch[56](10/54): Avg. Loss: 0.0235
===> Epoch[56](20/54): Avg. Loss: 0.0554
===> Epoch[56](30/54): Avg. Loss: 0.0526
===> Epoch[56](40/54): Avg. Loss: 0.0334
===> Epoch[56](50/54): Avg. Loss: 0.0677
Val Error: 
	Accuracy: 93.2%, Avg loss: 0.288076 
===> Epoch[57](10/54): Avg. Loss: 0.0249
===> Epoch[57](20/54): Avg. Loss: 0.0597
===> Epoch[57](30/54): Avg. Loss: 0.0379
===> Epoch[57](40/54): Avg. Loss: 0.0595
===> Epoch[57](50/54): Avg. Loss: 0.0675
Val Error: 
	Accuracy: 93.2%, Avg loss: 0.315354 
===> Epoch[58](10/54): Avg. Loss: 0.0445
===> Epoch[58](20/54): Avg. Loss: 0.0338
===> Epoch[58](30/54): Avg. Loss: 0.0607
===> Epoch[58](40/54): Avg. Loss: 0.0500
===> Epoch[58](50/54): Avg. Loss: 0.0536
Val Error: 
	Accuracy: 93.8%, Avg loss: 0.306021 
===> Epoch[59](10/54): Avg. Loss: 0.0755
===> Epoch[59](20/54): Avg. Loss: 0.0397
===> Epoch[59](30/54): Avg. Loss: 0.0496
===> Epoch[59](40/54): Avg. Loss: 0.0470
===> Epoch[59](50/54): Avg. Loss: 0.0163
Val Error: 
	Accuracy: 93.8%, Avg loss: 0.283960 
===> Epoch[60](10/54): Avg. Loss: 0.0860
===> Epoch[60](20/54): Avg. Loss: 0.0522
===> Epoch[60](30/54): Avg. Loss: 0.0405
===> Epoch[60](40/54): Avg. Loss: 0.0309
===> Epoch[60](50/54): Avg. Loss: 0.0443
Val Error: 
	Accuracy: 93.8%, Avg loss: 0.331389 
===> Epoch[61](10/54): Avg. Loss: 0.0306
===> Epoch[61](20/54): Avg. Loss: 0.0715
===> Epoch[61](30/54): Avg. Loss: 0.0631
===> Epoch[61](40/54): Avg. Loss: 0.0307
===> Epoch[61](50/54): Avg. Loss: 0.0379
Val Error: 
	Accuracy: 93.2%, Avg loss: 0.330806 
===> Epoch[62](10/54): Avg. Loss: 0.0514
===> Epoch[62](20/54): Avg. Loss: 0.0320
===> Epoch[62](30/54): Avg. Loss: 0.0693
===> Epoch[62](40/54): Avg. Loss: 0.0505
===> Epoch[62](50/54): Avg. Loss: 0.0382
Val Error: 
	Accuracy: 93.8%, Avg loss: 0.318234 
===> Epoch[63](10/54): Avg. Loss: 0.0202
===> Epoch[63](20/54): Avg. Loss: 0.0385
===> Epoch[63](30/54): Avg. Loss: 0.0652
===> Epoch[63](40/54): Avg. Loss: 0.0667
===> Epoch[63](50/54): Avg. Loss: 0.0342
Val Error: 
	Accuracy: 93.2%, Avg loss: 0.338988 
===> Epoch[64](10/54): Avg. Loss: 0.0229
===> Epoch[64](20/54): Avg. Loss: 0.0402
===> Epoch[64](30/54): Avg. Loss: 0.0624
===> Epoch[64](40/54): Avg. Loss: 0.0744
===> Epoch[64](50/54): Avg. Loss: 0.0508
Val Error: 
	Accuracy: 91.9%, Avg loss: 0.403020 
===> Epoch[65](10/54): Avg. Loss: 0.0448
===> Epoch[65](20/54): Avg. Loss: 0.0325
===> Epoch[65](30/54): Avg. Loss: 0.0533
===> Epoch[65](40/54): Avg. Loss: 0.0244
===> Epoch[65](50/54): Avg. Loss: 0.0721
Val Error: 
	Accuracy: 92.5%, Avg loss: 0.272020 
===> Epoch[66](10/54): Avg. Loss: 0.0437
===> Epoch[66](20/54): Avg. Loss: 0.0711
===> Epoch[66](30/54): Avg. Loss: 0.0647
===> Epoch[66](40/54): Avg. Loss: 0.0249
===> Epoch[66](50/54): Avg. Loss: 0.0341
Val Error: 
	Accuracy: 92.5%, Avg loss: 0.297391 
===> Epoch[67](10/54): Avg. Loss: 0.0774
===> Epoch[67](20/54): Avg. Loss: 0.0316
===> Epoch[67](30/54): Avg. Loss: 0.0575
===> Epoch[67](40/54): Avg. Loss: 0.0244
===> Epoch[67](50/54): Avg. Loss: 0.0484
Val Error: 
	Accuracy: 93.2%, Avg loss: 0.274939 
===> Epoch[68](10/54): Avg. Loss: 0.0611
===> Epoch[68](20/54): Avg. Loss: 0.0510
===> Epoch[68](30/54): Avg. Loss: 0.0331
===> Epoch[68](40/54): Avg. Loss: 0.0361
===> Epoch[68](50/54): Avg. Loss: 0.0498
Val Error: 
	Accuracy: 93.2%, Avg loss: 0.278177 
===> Epoch[69](10/54): Avg. Loss: 0.0325
===> Epoch[69](20/54): Avg. Loss: 0.0414
===> Epoch[69](30/54): Avg. Loss: 0.0642
===> Epoch[69](40/54): Avg. Loss: 0.0400
===> Epoch[69](50/54): Avg. Loss: 0.0532
Val Error: 
	Accuracy: 93.2%, Avg loss: 0.254016 
===> Epoch[70](10/54): Avg. Loss: 0.0259
===> Epoch[70](20/54): Avg. Loss: 0.0317
===> Epoch[70](30/54): Avg. Loss: 0.0656
===> Epoch[70](40/54): Avg. Loss: 0.0311
===> Epoch[70](50/54): Avg. Loss: 0.0674
Val Error: 
	Accuracy: 93.2%, Avg loss: 0.250126 
===> Epoch[71](10/54): Avg. Loss: 0.0399
===> Epoch[71](20/54): Avg. Loss: 0.0899
===> Epoch[71](30/54): Avg. Loss: 0.0183
===> Epoch[71](40/54): Avg. Loss: 0.0739
===> Epoch[71](50/54): Avg. Loss: 0.0596
Val Error: 
	Accuracy: 93.2%, Avg loss: 0.239749 
===> Epoch[72](10/54): Avg. Loss: 0.0375
===> Epoch[72](20/54): Avg. Loss: 0.0628
===> Epoch[72](30/54): Avg. Loss: 0.4773
===> Epoch[72](40/54): Avg. Loss: 0.5792
===> Epoch[72](50/54): Avg. Loss: 0.4811
Val Error: 
	Accuracy: 70.8%, Avg loss: 1.484404 
===> Epoch[73](10/54): Avg. Loss: 0.4303
===> Epoch[73](20/54): Avg. Loss: 0.3310
===> Epoch[73](30/54): Avg. Loss: 0.6393
===> Epoch[73](40/54): Avg. Loss: 0.2826
===> Epoch[73](50/54): Avg. Loss: 0.2828
Val Error: 
	Accuracy: 73.3%, Avg loss: 1.072828 
===> Epoch[74](10/54): Avg. Loss: 0.4740
===> Epoch[74](20/54): Avg. Loss: 0.2387
===> Epoch[74](30/54): Avg. Loss: 0.1765
===> Epoch[74](40/54): Avg. Loss: 0.1680
===> Epoch[74](50/54): Avg. Loss: 0.2383
Val Error: 
	Accuracy: 82.6%, Avg loss: 0.534228 
===> Epoch[75](10/54): Avg. Loss: 0.2922
===> Epoch[75](20/54): Avg. Loss: 0.2062
===> Epoch[75](30/54): Avg. Loss: 0.1077
===> Epoch[75](40/54): Avg. Loss: 0.1137
===> Epoch[75](50/54): Avg. Loss: 0.0740
Val Error: 
	Accuracy: 93.2%, Avg loss: 0.379579 
===> Epoch[76](10/54): Avg. Loss: 0.1513
===> Epoch[76](20/54): Avg. Loss: 0.0985
===> Epoch[76](30/54): Avg. Loss: 0.0638
===> Epoch[76](40/54): Avg. Loss: 0.1266
===> Epoch[76](50/54): Avg. Loss: 0.1291
Val Error: 
	Accuracy: 90.1%, Avg loss: 0.335739 
===> Epoch[77](10/54): Avg. Loss: 0.0670
===> Epoch[77](20/54): Avg. Loss: 0.0766
===> Epoch[77](30/54): Avg. Loss: 0.0538
===> Epoch[77](40/54): Avg. Loss: 0.1606
===> Epoch[77](50/54): Avg. Loss: 0.0668
Val Error: 
	Accuracy: 90.1%, Avg loss: 0.414575 
===> Epoch[78](10/54): Avg. Loss: 0.0563
===> Epoch[78](20/54): Avg. Loss: 0.0389
===> Epoch[78](30/54): Avg. Loss: 0.1567
===> Epoch[78](40/54): Avg. Loss: 0.0930
===> Epoch[78](50/54): Avg. Loss: 0.1261
Val Error: 
	Accuracy: 90.7%, Avg loss: 0.368111 
===> Epoch[79](10/54): Avg. Loss: 0.0467
===> Epoch[79](20/54): Avg. Loss: 0.1003
===> Epoch[79](30/54): Avg. Loss: 0.1027
===> Epoch[79](40/54): Avg. Loss: 0.1153
===> Epoch[79](50/54): Avg. Loss: 0.1993
Val Error: 
	Accuracy: 91.3%, Avg loss: 0.270743 
===> Epoch[80](10/54): Avg. Loss: 0.0894
===> Epoch[80](20/54): Avg. Loss: 0.0701
===> Epoch[80](30/54): Avg. Loss: 0.0897
===> Epoch[80](40/54): Avg. Loss: 0.0870
===> Epoch[80](50/54): Avg. Loss: 0.0750
Val Error: 
	Accuracy: 89.4%, Avg loss: 0.391196 
===> Epoch[81](10/54): Avg. Loss: 0.0423
===> Epoch[81](20/54): Avg. Loss: 0.0468
===> Epoch[81](30/54): Avg. Loss: 0.0555
===> Epoch[81](40/54): Avg. Loss: 0.0865
===> Epoch[81](50/54): Avg. Loss: 0.1208
Val Error: 
	Accuracy: 90.1%, Avg loss: 0.389742 
===> Epoch[82](10/54): Avg. Loss: 0.0700
===> Epoch[82](20/54): Avg. Loss: 0.0741
===> Epoch[82](30/54): Avg. Loss: 0.0699
===> Epoch[82](40/54): Avg. Loss: 0.0628
===> Epoch[82](50/54): Avg. Loss: 0.0711
Val Error: 
	Accuracy: 91.3%, Avg loss: 0.324804 
===> Epoch[83](10/54): Avg. Loss: 0.0559
===> Epoch[83](20/54): Avg. Loss: 0.0818
===> Epoch[83](30/54): Avg. Loss: 0.0529
===> Epoch[83](40/54): Avg. Loss: 0.0555
===> Epoch[83](50/54): Avg. Loss: 0.0346
Val Error: 
	Accuracy: 90.7%, Avg loss: 0.345100 
===> Epoch[84](10/54): Avg. Loss: 0.0708
===> Epoch[84](20/54): Avg. Loss: 0.0348
===> Epoch[84](30/54): Avg. Loss: 0.0787
===> Epoch[84](40/54): Avg. Loss: 0.0682
===> Epoch[84](50/54): Avg. Loss: 0.0499
Val Error: 
	Accuracy: 91.9%, Avg loss: 0.316456 
===> Epoch[85](10/54): Avg. Loss: 0.0554
===> Epoch[85](20/54): Avg. Loss: 0.0385
===> Epoch[85](30/54): Avg. Loss: 0.0696
===> Epoch[85](40/54): Avg. Loss: 0.0334
===> Epoch[85](50/54): Avg. Loss: 0.0460
Val Error: 
	Accuracy: 90.7%, Avg loss: 0.337302 
===> Epoch[86](10/54): Avg. Loss: 0.0468
===> Epoch[86](20/54): Avg. Loss: 0.0166
===> Epoch[86](30/54): Avg. Loss: 0.0623
===> Epoch[86](40/54): Avg. Loss: 0.0993
===> Epoch[86](50/54): Avg. Loss: 0.0601
Val Error: 
	Accuracy: 91.3%, Avg loss: 0.311999 
===> Epoch[87](10/54): Avg. Loss: 0.0734
===> Epoch[87](20/54): Avg. Loss: 0.0458
===> Epoch[87](30/54): Avg. Loss: 0.0459
===> Epoch[87](40/54): Avg. Loss: 0.0366
===> Epoch[87](50/54): Avg. Loss: 0.0551
Val Error: 
	Accuracy: 91.3%, Avg loss: 0.364071 
===> Epoch[88](10/54): Avg. Loss: 0.0700
===> Epoch[88](20/54): Avg. Loss: 0.0294
===> Epoch[88](30/54): Avg. Loss: 0.0627
===> Epoch[88](40/54): Avg. Loss: 0.0707
===> Epoch[88](50/54): Avg. Loss: 0.0374
Val Error: 
	Accuracy: 91.9%, Avg loss: 0.359190 
===> Epoch[89](10/54): Avg. Loss: 0.0486
===> Epoch[89](20/54): Avg. Loss: 0.0840
===> Epoch[89](30/54): Avg. Loss: 0.0765
===> Epoch[89](40/54): Avg. Loss: 0.0378
===> Epoch[89](50/54): Avg. Loss: 0.0292
Val Error: 
	Accuracy: 91.9%, Avg loss: 0.335166 
===> Epoch[90](10/54): Avg. Loss: 0.0416
===> Epoch[90](20/54): Avg. Loss: 0.0471
===> Epoch[90](30/54): Avg. Loss: 0.0377
===> Epoch[90](40/54): Avg. Loss: 0.0676
===> Epoch[90](50/54): Avg. Loss: 0.0350
Val Error: 
	Accuracy: 91.3%, Avg loss: 0.344347 
===> Epoch[91](10/54): Avg. Loss: 0.0532
===> Epoch[91](20/54): Avg. Loss: 0.0327
===> Epoch[91](30/54): Avg. Loss: 0.0307
===> Epoch[91](40/54): Avg. Loss: 0.0477
===> Epoch[91](50/54): Avg. Loss: 0.0812
Val Error: 
	Accuracy: 90.7%, Avg loss: 0.380975 
===> Epoch[92](10/54): Avg. Loss: 0.0373
===> Epoch[92](20/54): Avg. Loss: 0.0531
===> Epoch[92](30/54): Avg. Loss: 0.0434
===> Epoch[92](40/54): Avg. Loss: 0.0372
===> Epoch[92](50/54): Avg. Loss: 0.0584
Val Error: 
	Accuracy: 92.5%, Avg loss: 0.367728 
===> Epoch[93](10/54): Avg. Loss: 0.0510
===> Epoch[93](20/54): Avg. Loss: 0.0300
===> Epoch[93](30/54): Avg. Loss: 0.0611
===> Epoch[93](40/54): Avg. Loss: 0.0645
===> Epoch[93](50/54): Avg. Loss: 0.0630
Val Error: 
	Accuracy: 93.2%, Avg loss: 0.302083 
===> Epoch[94](10/54): Avg. Loss: 0.0620
===> Epoch[94](20/54): Avg. Loss: 0.0273
===> Epoch[94](30/54): Avg. Loss: 0.1314
===> Epoch[94](40/54): Avg. Loss: 0.1749
===> Epoch[94](50/54): Avg. Loss: 0.1005
Val Error: 
	Accuracy: 90.7%, Avg loss: 0.313643 
===> Epoch[95](10/54): Avg. Loss: 0.1247
===> Epoch[95](20/54): Avg. Loss: 0.0988
===> Epoch[95](30/54): Avg. Loss: 0.0485
===> Epoch[95](40/54): Avg. Loss: 0.0449
===> Epoch[95](50/54): Avg. Loss: 0.1131
Val Error: 
	Accuracy: 91.9%, Avg loss: 0.381848 
===> Epoch[96](10/54): Avg. Loss: 0.0682
===> Epoch[96](20/54): Avg. Loss: 0.1211
===> Epoch[96](30/54): Avg. Loss: 0.1337
===> Epoch[96](40/54): Avg. Loss: 0.1738
===> Epoch[96](50/54): Avg. Loss: 0.1758
Val Error: 
	Accuracy: 90.7%, Avg loss: 0.405157 
===> Epoch[97](10/54): Avg. Loss: 0.0926
===> Epoch[97](20/54): Avg. Loss: 0.1987
===> Epoch[97](30/54): Avg. Loss: 0.1759
===> Epoch[97](40/54): Avg. Loss: 0.1401
===> Epoch[97](50/54): Avg. Loss: 0.1038
Val Error: 
	Accuracy: 88.8%, Avg loss: 0.361764 
===> Epoch[98](10/54): Avg. Loss: 0.0682
===> Epoch[98](20/54): Avg. Loss: 0.0688
===> Epoch[98](30/54): Avg. Loss: 0.0827
===> Epoch[98](40/54): Avg. Loss: 0.0393
===> Epoch[98](50/54): Avg. Loss: 0.1680
Val Error: 
	Accuracy: 88.8%, Avg loss: 0.350771 
===> Epoch[99](10/54): Avg. Loss: 0.0472
===> Epoch[99](20/54): Avg. Loss: 0.0678
===> Epoch[99](30/54): Avg. Loss: 0.0559
===> Epoch[99](40/54): Avg. Loss: 0.1143
===> Epoch[99](50/54): Avg. Loss: 0.0965
Val Error: 
	Accuracy: 89.4%, Avg loss: 0.462174 
===> Epoch[100](10/54): Avg. Loss: 0.0552
===> Epoch[100](20/54): Avg. Loss: 0.0588
===> Epoch[100](30/54): Avg. Loss: 0.0506
===> Epoch[100](40/54): Avg. Loss: 0.0528
===> Epoch[100](50/54): Avg. Loss: 0.0975
Val Error: 
	Accuracy: 91.9%, Avg loss: 0.251319 
===> Epoch[101](10/54): Avg. Loss: 0.0191
===> Epoch[101](20/54): Avg. Loss: 0.0227
===> Epoch[101](30/54): Avg. Loss: 0.0961
===> Epoch[101](40/54): Avg. Loss: 0.0716
===> Epoch[101](50/54): Avg. Loss: 0.0570
Val Error: 
	Accuracy: 91.9%, Avg loss: 0.295780 
===> Epoch[102](10/54): Avg. Loss: 0.0268
===> Epoch[102](20/54): Avg. Loss: 0.0618
===> Epoch[102](30/54): Avg. Loss: 0.0689
===> Epoch[102](40/54): Avg. Loss: 0.0329
===> Epoch[102](50/54): Avg. Loss: 0.0766
Val Error: 
	Accuracy: 90.7%, Avg loss: 0.341690 
===> Epoch[103](10/54): Avg. Loss: 0.0282
===> Epoch[103](20/54): Avg. Loss: 0.0304
===> Epoch[103](30/54): Avg. Loss: 0.0630
===> Epoch[103](40/54): Avg. Loss: 0.0785
===> Epoch[103](50/54): Avg. Loss: 0.0623
Val Error: 
	Accuracy: 90.1%, Avg loss: 0.333916 
===> Epoch[104](10/54): Avg. Loss: 0.0464
===> Epoch[104](20/54): Avg. Loss: 0.0776
===> Epoch[104](30/54): Avg. Loss: 0.0458
===> Epoch[104](40/54): Avg. Loss: 0.0512
===> Epoch[104](50/54): Avg. Loss: 0.0233
Val Error: 
	Accuracy: 91.9%, Avg loss: 0.354343 
===> Epoch[105](10/54): Avg. Loss: 0.0314
===> Epoch[105](20/54): Avg. Loss: 0.0315
===> Epoch[105](30/54): Avg. Loss: 0.0710
===> Epoch[105](40/54): Avg. Loss: 0.0622
===> Epoch[105](50/54): Avg. Loss: 0.0603
Val Error: 
	Accuracy: 92.5%, Avg loss: 0.226185 
===> Epoch[106](10/54): Avg. Loss: 0.0692
===> Epoch[106](20/54): Avg. Loss: 0.0546
===> Epoch[106](30/54): Avg. Loss: 0.0405
===> Epoch[106](40/54): Avg. Loss: 0.0465
===> Epoch[106](50/54): Avg. Loss: 0.0561
Val Error: 
	Accuracy: 92.5%, Avg loss: 0.254258 
===> Epoch[107](10/54): Avg. Loss: 0.0361
===> Epoch[107](20/54): Avg. Loss: 0.0668
===> Epoch[107](30/54): Avg. Loss: 0.0582
===> Epoch[107](40/54): Avg. Loss: 0.0498
===> Epoch[107](50/54): Avg. Loss: 0.0508
Val Error: 
	Accuracy: 91.9%, Avg loss: 0.266159 
===> Epoch[108](10/54): Avg. Loss: 0.0390
===> Epoch[108](20/54): Avg. Loss: 0.0466
===> Epoch[108](30/54): Avg. Loss: 0.0474
===> Epoch[108](40/54): Avg. Loss: 0.0363
===> Epoch[108](50/54): Avg. Loss: 0.0746
Val Error: 
	Accuracy: 91.9%, Avg loss: 0.283497 
===> Epoch[109](10/54): Avg. Loss: 0.0285
===> Epoch[109](20/54): Avg. Loss: 0.0313
===> Epoch[109](30/54): Avg. Loss: 0.0399
===> Epoch[109](40/54): Avg. Loss: 0.0854
===> Epoch[109](50/54): Avg. Loss: 0.0474
Val Error: 
	Accuracy: 92.5%, Avg loss: 0.283024 
===> Epoch[110](10/54): Avg. Loss: 0.0330
===> Epoch[110](20/54): Avg. Loss: 0.0247
===> Epoch[110](30/54): Avg. Loss: 0.0465
===> Epoch[110](40/54): Avg. Loss: 0.0826
===> Epoch[110](50/54): Avg. Loss: 0.0287
Val Error: 
	Accuracy: 93.8%, Avg loss: 0.267735 
===> Epoch[111](10/54): Avg. Loss: 0.0376
===> Epoch[111](20/54): Avg. Loss: 0.0431
===> Epoch[111](30/54): Avg. Loss: 0.0495
===> Epoch[111](40/54): Avg. Loss: 0.0428
===> Epoch[111](50/54): Avg. Loss: 0.0476
Val Error: 
	Accuracy: 93.8%, Avg loss: 0.278645 
===> Epoch[112](10/54): Avg. Loss: 0.0433
===> Epoch[112](20/54): Avg. Loss: 0.0344
===> Epoch[112](30/54): Avg. Loss: 0.0615
===> Epoch[112](40/54): Avg. Loss: 0.0571
===> Epoch[112](50/54): Avg. Loss: 0.1611
Val Error: 
	Accuracy: 88.2%, Avg loss: 0.462344 
===> Epoch[113](10/54): Avg. Loss: 0.0655
===> Epoch[113](20/54): Avg. Loss: 0.0757
===> Epoch[113](30/54): Avg. Loss: 0.0988
===> Epoch[113](40/54): Avg. Loss: 0.0710
===> Epoch[113](50/54): Avg. Loss: 0.1071
Val Error: 
	Accuracy: 90.7%, Avg loss: 0.398290 
===> Epoch[114](10/54): Avg. Loss: 0.1112
===> Epoch[114](20/54): Avg. Loss: 0.1130
===> Epoch[114](30/54): Avg. Loss: 0.0541
===> Epoch[114](40/54): Avg. Loss: 0.0839
===> Epoch[114](50/54): Avg. Loss: 0.0546
Val Error: 
	Accuracy: 93.2%, Avg loss: 0.314510 
===> Epoch[115](10/54): Avg. Loss: 0.0383
===> Epoch[115](20/54): Avg. Loss: 0.0375
===> Epoch[115](30/54): Avg. Loss: 0.0998
===> Epoch[115](40/54): Avg. Loss: 0.0233
===> Epoch[115](50/54): Avg. Loss: 0.0778
Val Error: 
	Accuracy: 93.2%, Avg loss: 0.354950 
===> Epoch[116](10/54): Avg. Loss: 0.0675
===> Epoch[116](20/54): Avg. Loss: 0.0367
===> Epoch[116](30/54): Avg. Loss: 0.0530
===> Epoch[116](40/54): Avg. Loss: 0.0564
===> Epoch[116](50/54): Avg. Loss: 0.0780
Val Error: 
	Accuracy: 91.3%, Avg loss: 0.420404 
===> Epoch[117](10/54): Avg. Loss: 0.0650
===> Epoch[117](20/54): Avg. Loss: 0.0504
===> Epoch[117](30/54): Avg. Loss: 0.0464
===> Epoch[117](40/54): Avg. Loss: 0.0529
===> Epoch[117](50/54): Avg. Loss: 0.0528
Val Error: 
	Accuracy: 93.2%, Avg loss: 0.331089 
===> Epoch[118](10/54): Avg. Loss: 0.0381
===> Epoch[118](20/54): Avg. Loss: 0.0321
===> Epoch[118](30/54): Avg. Loss: 0.0580
===> Epoch[118](40/54): Avg. Loss: 0.0401
===> Epoch[118](50/54): Avg. Loss: 0.0492
Val Error: 
	Accuracy: 91.9%, Avg loss: 0.360078 
===> Epoch[119](10/54): Avg. Loss: 0.0609
===> Epoch[119](20/54): Avg. Loss: 0.0297
===> Epoch[119](30/54): Avg. Loss: 0.0516
===> Epoch[119](40/54): Avg. Loss: 0.0369
===> Epoch[119](50/54): Avg. Loss: 0.0368
Val Error: 
	Accuracy: 93.8%, Avg loss: 0.383648 
===> Epoch[120](10/54): Avg. Loss: 0.0520
===> Epoch[120](20/54): Avg. Loss: 0.0691
===> Epoch[120](30/54): Avg. Loss: 0.0232
===> Epoch[120](40/54): Avg. Loss: 0.0607
===> Epoch[120](50/54): Avg. Loss: 0.0338
Val Error: 
	Accuracy: 93.2%, Avg loss: 0.396582 
===> Epoch[121](10/54): Avg. Loss: 0.0498
===> Epoch[121](20/54): Avg. Loss: 0.0339
===> Epoch[121](30/54): Avg. Loss: 0.0608
===> Epoch[121](40/54): Avg. Loss: 0.0381
===> Epoch[121](50/54): Avg. Loss: 0.0700
Val Error: 
	Accuracy: 93.2%, Avg loss: 0.378312 
===> Epoch[122](10/54): Avg. Loss: 0.0176
===> Epoch[122](20/54): Avg. Loss: 0.0459
===> Epoch[122](30/54): Avg. Loss: 0.0749
===> Epoch[122](40/54): Avg. Loss: 0.0430
===> Epoch[122](50/54): Avg. Loss: 0.0497
Val Error: 
	Accuracy: 92.5%, Avg loss: 0.407404 
===> Epoch[123](10/54): Avg. Loss: 0.0453
===> Epoch[123](20/54): Avg. Loss: 0.0242
===> Epoch[123](30/54): Avg. Loss: 0.0489
===> Epoch[123](40/54): Avg. Loss: 0.0491
===> Epoch[123](50/54): Avg. Loss: 0.0460
Val Error: 
	Accuracy: 93.2%, Avg loss: 0.363942 
===> Epoch[124](10/54): Avg. Loss: 0.0444
===> Epoch[124](20/54): Avg. Loss: 0.0440
===> Epoch[124](30/54): Avg. Loss: 0.0377
===> Epoch[124](40/54): Avg. Loss: 0.0386
===> Epoch[124](50/54): Avg. Loss: 0.0612
Val Error: 
	Accuracy: 92.5%, Avg loss: 0.383077 
===> Epoch[125](10/54): Avg. Loss: 0.0342
===> Epoch[125](20/54): Avg. Loss: 0.0636
===> Epoch[125](30/54): Avg. Loss: 0.0479
===> Epoch[125](40/54): Avg. Loss: 0.0136
===> Epoch[125](50/54): Avg. Loss: 0.0575
Val Error: 
	Accuracy: 93.2%, Avg loss: 0.367604 
===> Epoch[126](10/54): Avg. Loss: 0.0450
===> Epoch[126](20/54): Avg. Loss: 0.0584
===> Epoch[126](30/54): Avg. Loss: 0.0345
===> Epoch[126](40/54): Avg. Loss: 0.0528
===> Epoch[126](50/54): Avg. Loss: 0.0459
Val Error: 
	Accuracy: 92.5%, Avg loss: 0.385904 
===> Epoch[127](10/54): Avg. Loss: 0.0373
===> Epoch[127](20/54): Avg. Loss: 0.0292
===> Epoch[127](30/54): Avg. Loss: 0.0941
===> Epoch[127](40/54): Avg. Loss: 0.0324
===> Epoch[127](50/54): Avg. Loss: 0.0544
Val Error: 
	Accuracy: 93.2%, Avg loss: 0.386646 
===> Epoch[128](10/54): Avg. Loss: 0.0351
===> Epoch[128](20/54): Avg. Loss: 0.0601
===> Epoch[128](30/54): Avg. Loss: 0.0248
===> Epoch[128](40/54): Avg. Loss: 0.0572
===> Epoch[128](50/54): Avg. Loss: 0.0510
Val Error: 
	Accuracy: 92.5%, Avg loss: 0.390615 
===> Epoch[129](10/54): Avg. Loss: 0.0412
===> Epoch[129](20/54): Avg. Loss: 0.0575
===> Epoch[129](30/54): Avg. Loss: 0.0840
===> Epoch[129](40/54): Avg. Loss: 0.0384
===> Epoch[129](50/54): Avg. Loss: 0.0331
Val Error: 
	Accuracy: 91.3%, Avg loss: 0.382964 
===> Epoch[130](10/54): Avg. Loss: 0.0329
===> Epoch[130](20/54): Avg. Loss: 0.0592
===> Epoch[130](30/54): Avg. Loss: 0.0223
===> Epoch[130](40/54): Avg. Loss: 0.0603
===> Epoch[130](50/54): Avg. Loss: 0.0641
Val Error: 
	Accuracy: 91.3%, Avg loss: 0.374605 
===> Epoch[131](10/54): Avg. Loss: 0.0373
===> Epoch[131](20/54): Avg. Loss: 0.0193
===> Epoch[131](30/54): Avg. Loss: 0.0420
===> Epoch[131](40/54): Avg. Loss: 0.0677
===> Epoch[131](50/54): Avg. Loss: 0.0576
Val Error: 
	Accuracy: 91.9%, Avg loss: 0.412030 
===> Epoch[132](10/54): Avg. Loss: 0.0472
===> Epoch[132](20/54): Avg. Loss: 0.0115
===> Epoch[132](30/54): Avg. Loss: 0.0645
===> Epoch[132](40/54): Avg. Loss: 0.0503
===> Epoch[132](50/54): Avg. Loss: 0.0701
Val Error: 
	Accuracy: 92.5%, Avg loss: 0.427949 
===> Epoch[133](10/54): Avg. Loss: 0.0392
===> Epoch[133](20/54): Avg. Loss: 0.0473
===> Epoch[133](30/54): Avg. Loss: 0.0843
===> Epoch[133](40/54): Avg. Loss: 0.0410
===> Epoch[133](50/54): Avg. Loss: 0.0466
Val Error: 
	Accuracy: 92.5%, Avg loss: 0.410170 
===> Epoch[134](10/54): Avg. Loss: 0.0503
===> Epoch[134](20/54): Avg. Loss: 0.0382
===> Epoch[134](30/54): Avg. Loss: 0.0373
===> Epoch[134](40/54): Avg. Loss: 0.0912
===> Epoch[134](50/54): Avg. Loss: 0.0284
Val Error: 
	Accuracy: 92.5%, Avg loss: 0.413056 
===> Epoch[135](10/54): Avg. Loss: 0.0480
===> Epoch[135](20/54): Avg. Loss: 0.0498
===> Epoch[135](30/54): Avg. Loss: 0.0513
===> Epoch[135](40/54): Avg. Loss: 0.0588
===> Epoch[135](50/54): Avg. Loss: 0.0196
Val Error: 
	Accuracy: 92.5%, Avg loss: 0.449264 
===> Epoch[136](10/54): Avg. Loss: 0.0730
===> Epoch[136](20/54): Avg. Loss: 0.0444
===> Epoch[136](30/54): Avg. Loss: 0.0584
===> Epoch[136](40/54): Avg. Loss: 0.0342
===> Epoch[136](50/54): Avg. Loss: 0.0489
Val Error: 
	Accuracy: 93.2%, Avg loss: 0.474626 
===> Epoch[137](10/54): Avg. Loss: 0.0540
===> Epoch[137](20/54): Avg. Loss: 0.0361
===> Epoch[137](30/54): Avg. Loss: 0.0631
===> Epoch[137](40/54): Avg. Loss: 0.0354
===> Epoch[137](50/54): Avg. Loss: 0.0490
Val Error: 
	Accuracy: 93.8%, Avg loss: 0.418725 
===> Epoch[138](10/54): Avg. Loss: 0.0273
===> Epoch[138](20/54): Avg. Loss: 0.0492
===> Epoch[138](30/54): Avg. Loss: 0.0535
===> Epoch[138](40/54): Avg. Loss: 0.0625
===> Epoch[138](50/54): Avg. Loss: 0.0475
Val Error: 
	Accuracy: 91.3%, Avg loss: 0.474074 
===> Epoch[139](10/54): Avg. Loss: 0.1103
===> Epoch[139](20/54): Avg. Loss: 0.1142
===> Epoch[139](30/54): Avg. Loss: 0.2996
===> Epoch[139](40/54): Avg. Loss: 0.2480
===> Epoch[139](50/54): Avg. Loss: 0.2625
Val Error: 
	Accuracy: 83.2%, Avg loss: 0.682192 
===> Epoch[140](10/54): Avg. Loss: 0.2354
===> Epoch[140](20/54): Avg. Loss: 0.2314
===> Epoch[140](30/54): Avg. Loss: 0.2250
===> Epoch[140](40/54): Avg. Loss: 0.1797
===> Epoch[140](50/54): Avg. Loss: 0.0913
Val Error: 
	Accuracy: 90.1%, Avg loss: 0.448465 
===> Epoch[141](10/54): Avg. Loss: 0.1401
===> Epoch[141](20/54): Avg. Loss: 0.0986
===> Epoch[141](30/54): Avg. Loss: 0.0637
===> Epoch[141](40/54): Avg. Loss: 0.0430
===> Epoch[141](50/54): Avg. Loss: 0.0785
Val Error: 
	Accuracy: 93.8%, Avg loss: 0.261556 
===> Epoch[142](10/54): Avg. Loss: 0.0801
===> Epoch[142](20/54): Avg. Loss: 0.0741
===> Epoch[142](30/54): Avg. Loss: 0.0742
===> Epoch[142](40/54): Avg. Loss: 0.0515
===> Epoch[142](50/54): Avg. Loss: 0.0436
Val Error: 
	Accuracy: 93.2%, Avg loss: 0.288380 
===> Epoch[143](10/54): Avg. Loss: 0.0795
===> Epoch[143](20/54): Avg. Loss: 0.0403
===> Epoch[143](30/54): Avg. Loss: 0.0368
===> Epoch[143](40/54): Avg. Loss: 0.0686
===> Epoch[143](50/54): Avg. Loss: 0.0663
Val Error: 
	Accuracy: 93.2%, Avg loss: 0.342770 
===> Epoch[144](10/54): Avg. Loss: 0.0263
===> Epoch[144](20/54): Avg. Loss: 0.0407
===> Epoch[144](30/54): Avg. Loss: 0.0318
===> Epoch[144](40/54): Avg. Loss: 0.1365
===> Epoch[144](50/54): Avg. Loss: 0.0450
Val Error: 
	Accuracy: 91.9%, Avg loss: 0.297555 
===> Epoch[145](10/54): Avg. Loss: 0.0354
===> Epoch[145](20/54): Avg. Loss: 0.0268
===> Epoch[145](30/54): Avg. Loss: 0.0758
===> Epoch[145](40/54): Avg. Loss: 0.0641
===> Epoch[145](50/54): Avg. Loss: 0.0808
Val Error: 
	Accuracy: 91.9%, Avg loss: 0.331555 
===> Epoch[146](10/54): Avg. Loss: 0.0464
===> Epoch[146](20/54): Avg. Loss: 0.0563
===> Epoch[146](30/54): Avg. Loss: 0.0618
===> Epoch[146](40/54): Avg. Loss: 0.0266
===> Epoch[146](50/54): Avg. Loss: 0.0338
Val Error: 
	Accuracy: 91.9%, Avg loss: 0.358141 
===> Epoch[147](10/54): Avg. Loss: 0.0641
===> Epoch[147](20/54): Avg. Loss: 0.0668
===> Epoch[147](30/54): Avg. Loss: 0.0255
===> Epoch[147](40/54): Avg. Loss: 0.0538
===> Epoch[147](50/54): Avg. Loss: 0.0401
Val Error: 
	Accuracy: 93.2%, Avg loss: 0.353153 
===> Epoch[148](10/54): Avg. Loss: 0.0400
===> Epoch[148](20/54): Avg. Loss: 0.0518
===> Epoch[148](30/54): Avg. Loss: 0.0339
===> Epoch[148](40/54): Avg. Loss: 0.0542
===> Epoch[148](50/54): Avg. Loss: 0.0544
Val Error: 
	Accuracy: 93.2%, Avg loss: 0.342987 
===> Epoch[149](10/54): Avg. Loss: 0.0377
===> Epoch[149](20/54): Avg. Loss: 0.0565
===> Epoch[149](30/54): Avg. Loss: 0.0293
===> Epoch[149](40/54): Avg. Loss: 0.0547
===> Epoch[149](50/54): Avg. Loss: 0.0554
Val Error: 
	Accuracy: 92.5%, Avg loss: 0.327723 
===> Epoch[150](10/54): Avg. Loss: 0.0260
===> Epoch[150](20/54): Avg. Loss: 0.0882
===> Epoch[150](30/54): Avg. Loss: 0.0308
===> Epoch[150](40/54): Avg. Loss: 0.0370
===> Epoch[150](50/54): Avg. Loss: 0.0444
Val Error: 
	Accuracy: 93.2%, Avg loss: 0.335617 
