random seed=777
dataset configuration: batch size = 16
===> Epoch[1](10/43): Avg. Loss: 1.5729
===> Epoch[1](20/43): Avg. Loss: 1.1684
===> Epoch[1](30/43): Avg. Loss: 1.2766
===> Epoch[1](40/43): Avg. Loss: 1.3092
Test Error: 
	Accuracy: 66.4%, Avg loss: 1.343058 
===> Epoch[2](10/43): Avg. Loss: 1.2400
===> Epoch[2](20/43): Avg. Loss: 1.2191
===> Epoch[2](30/43): Avg. Loss: 1.1734
===> Epoch[2](40/43): Avg. Loss: 1.0876
Test Error: 
	Accuracy: 69.0%, Avg loss: 1.081261 
===> Epoch[3](10/43): Avg. Loss: 1.1142
===> Epoch[3](20/43): Avg. Loss: 1.0027
===> Epoch[3](30/43): Avg. Loss: 1.0377
===> Epoch[3](40/43): Avg. Loss: 1.0480
Test Error: 
	Accuracy: 70.1%, Avg loss: 1.029065 
===> Epoch[4](10/43): Avg. Loss: 0.9569
===> Epoch[4](20/43): Avg. Loss: 0.9569
===> Epoch[4](30/43): Avg. Loss: 0.9833
===> Epoch[4](40/43): Avg. Loss: 0.9741
Test Error: 
	Accuracy: 64.7%, Avg loss: 1.265459 
===> Epoch[5](10/43): Avg. Loss: 1.0034
===> Epoch[5](20/43): Avg. Loss: 0.8682
===> Epoch[5](30/43): Avg. Loss: 0.8370
===> Epoch[5](40/43): Avg. Loss: 0.9229
Test Error: 
	Accuracy: 67.2%, Avg loss: 0.932661 
===> Epoch[6](10/43): Avg. Loss: 0.8734
===> Epoch[6](20/43): Avg. Loss: 0.8116
===> Epoch[6](30/43): Avg. Loss: 0.8434
===> Epoch[6](40/43): Avg. Loss: 0.8149
Test Error: 
	Accuracy: 73.9%, Avg loss: 0.782383 
===> Epoch[7](10/43): Avg. Loss: 0.6222
===> Epoch[7](20/43): Avg. Loss: 0.7991
===> Epoch[7](30/43): Avg. Loss: 0.8619
===> Epoch[7](40/43): Avg. Loss: 0.9293
Test Error: 
	Accuracy: 20.1%, Avg loss: 2.328060 
===> Epoch[8](10/43): Avg. Loss: 0.7130
===> Epoch[8](20/43): Avg. Loss: 0.8057
===> Epoch[8](30/43): Avg. Loss: 0.6538
===> Epoch[8](40/43): Avg. Loss: 0.8608
Test Error: 
	Accuracy: 70.1%, Avg loss: 0.963347 
===> Epoch[9](10/43): Avg. Loss: 0.7386
===> Epoch[9](20/43): Avg. Loss: 0.7830
===> Epoch[9](30/43): Avg. Loss: 0.7518
===> Epoch[9](40/43): Avg. Loss: 0.6940
Test Error: 
	Accuracy: 57.5%, Avg loss: 1.217880 
===> Epoch[10](10/43): Avg. Loss: 0.6968
===> Epoch[10](20/43): Avg. Loss: 0.7004
===> Epoch[10](30/43): Avg. Loss: 0.6973
===> Epoch[10](40/43): Avg. Loss: 0.6621
Test Error: 
	Accuracy: 33.0%, Avg loss: 1.408434 
===> Epoch[11](10/43): Avg. Loss: 0.6210
===> Epoch[11](20/43): Avg. Loss: 0.7390
===> Epoch[11](30/43): Avg. Loss: 0.6451
===> Epoch[11](40/43): Avg. Loss: 0.7187
Test Error: 
	Accuracy: 72.1%, Avg loss: 0.829834 
===> Epoch[12](10/43): Avg. Loss: 0.6584
===> Epoch[12](20/43): Avg. Loss: 0.6052
===> Epoch[12](30/43): Avg. Loss: 0.7690
===> Epoch[12](40/43): Avg. Loss: 0.5339
Test Error: 
	Accuracy: 57.5%, Avg loss: 1.156972 
===> Epoch[13](10/43): Avg. Loss: 0.6003
===> Epoch[13](20/43): Avg. Loss: 0.5914
===> Epoch[13](30/43): Avg. Loss: 0.6470
===> Epoch[13](40/43): Avg. Loss: 0.5649
Test Error: 
	Accuracy: 75.6%, Avg loss: 0.874535 
===> Epoch[14](10/43): Avg. Loss: 0.5837
===> Epoch[14](20/43): Avg. Loss: 0.6803
===> Epoch[14](30/43): Avg. Loss: 0.6906
===> Epoch[14](40/43): Avg. Loss: 0.6059
Test Error: 
	Accuracy: 75.3%, Avg loss: 0.810963 
===> Epoch[15](10/43): Avg. Loss: 0.6978
===> Epoch[15](20/43): Avg. Loss: 0.5754
===> Epoch[15](30/43): Avg. Loss: 0.6183
===> Epoch[15](40/43): Avg. Loss: 0.5988
Test Error: 
	Accuracy: 66.4%, Avg loss: 0.822118 
===> Epoch[16](10/43): Avg. Loss: 0.5184
===> Epoch[16](20/43): Avg. Loss: 0.5219
===> Epoch[16](30/43): Avg. Loss: 0.5147
===> Epoch[16](40/43): Avg. Loss: 0.6065
Test Error: 
	Accuracy: 70.7%, Avg loss: 0.808662 
===> Epoch[17](10/43): Avg. Loss: 0.4133
===> Epoch[17](20/43): Avg. Loss: 0.5815
===> Epoch[17](30/43): Avg. Loss: 0.6850
===> Epoch[17](40/43): Avg. Loss: 0.5672
Test Error: 
	Accuracy: 66.4%, Avg loss: 0.803670 
===> Epoch[18](10/43): Avg. Loss: 0.5366
===> Epoch[18](20/43): Avg. Loss: 0.5061
===> Epoch[18](30/43): Avg. Loss: 0.5122
===> Epoch[18](40/43): Avg. Loss: 0.5061
Test Error: 
	Accuracy: 74.7%, Avg loss: 0.745660 
===> Epoch[19](10/43): Avg. Loss: 0.5452
===> Epoch[19](20/43): Avg. Loss: 0.5388
===> Epoch[19](30/43): Avg. Loss: 0.6238
===> Epoch[19](40/43): Avg. Loss: 0.4733
Test Error: 
	Accuracy: 66.4%, Avg loss: 0.997195 
===> Epoch[20](10/43): Avg. Loss: 0.5125
===> Epoch[20](20/43): Avg. Loss: 0.4854
===> Epoch[20](30/43): Avg. Loss: 0.4246
===> Epoch[20](40/43): Avg. Loss: 0.7395
Test Error: 
	Accuracy: 69.8%, Avg loss: 0.940570 
===> Epoch[21](10/43): Avg. Loss: 0.5513
===> Epoch[21](20/43): Avg. Loss: 0.4969
===> Epoch[21](30/43): Avg. Loss: 0.4167
===> Epoch[21](40/43): Avg. Loss: 0.4785
Test Error: 
	Accuracy: 76.7%, Avg loss: 0.652683 
===> Epoch[22](10/43): Avg. Loss: 0.4545
===> Epoch[22](20/43): Avg. Loss: 0.5037
===> Epoch[22](30/43): Avg. Loss: 0.4762
===> Epoch[22](40/43): Avg. Loss: 0.4557
Test Error: 
	Accuracy: 78.2%, Avg loss: 0.600564 
===> Epoch[23](10/43): Avg. Loss: 0.4232
===> Epoch[23](20/43): Avg. Loss: 0.3960
===> Epoch[23](30/43): Avg. Loss: 0.4837
===> Epoch[23](40/43): Avg. Loss: 0.4839
Test Error: 
	Accuracy: 63.8%, Avg loss: 0.976834 
===> Epoch[24](10/43): Avg. Loss: 0.4724
===> Epoch[24](20/43): Avg. Loss: 0.3959
===> Epoch[24](30/43): Avg. Loss: 0.4693
===> Epoch[24](40/43): Avg. Loss: 0.4684
Test Error: 
	Accuracy: 75.9%, Avg loss: 0.732597 
===> Epoch[25](10/43): Avg. Loss: 0.3805
===> Epoch[25](20/43): Avg. Loss: 0.3852
===> Epoch[25](30/43): Avg. Loss: 0.4574
===> Epoch[25](40/43): Avg. Loss: 0.4194
Test Error: 
	Accuracy: 71.8%, Avg loss: 0.746183 
===> Epoch[26](10/43): Avg. Loss: 0.3272
===> Epoch[26](20/43): Avg. Loss: 0.3707
===> Epoch[26](30/43): Avg. Loss: 0.4545
===> Epoch[26](40/43): Avg. Loss: 0.5892
Test Error: 
	Accuracy: 80.2%, Avg loss: 0.654134 
===> Epoch[27](10/43): Avg. Loss: 0.3749
===> Epoch[27](20/43): Avg. Loss: 0.4617
===> Epoch[27](30/43): Avg. Loss: 0.4189
===> Epoch[27](40/43): Avg. Loss: 0.4752
Test Error: 
	Accuracy: 78.7%, Avg loss: 0.716376 
===> Epoch[28](10/43): Avg. Loss: 0.2419
===> Epoch[28](20/43): Avg. Loss: 0.4662
===> Epoch[28](30/43): Avg. Loss: 0.3544
===> Epoch[28](40/43): Avg. Loss: 0.3759
Test Error: 
	Accuracy: 74.1%, Avg loss: 0.744953 
===> Epoch[29](10/43): Avg. Loss: 0.3987
===> Epoch[29](20/43): Avg. Loss: 0.3539
===> Epoch[29](30/43): Avg. Loss: 0.3827
===> Epoch[29](40/43): Avg. Loss: 0.4342
Test Error: 
	Accuracy: 67.8%, Avg loss: 1.011339 
===> Epoch[30](10/43): Avg. Loss: 0.4593
===> Epoch[30](20/43): Avg. Loss: 0.3400
===> Epoch[30](30/43): Avg. Loss: 0.4026
===> Epoch[30](40/43): Avg. Loss: 0.4526
Test Error: 
	Accuracy: 58.6%, Avg loss: 1.085392 
===> Epoch[31](10/43): Avg. Loss: 0.4005
===> Epoch[31](20/43): Avg. Loss: 0.3638
===> Epoch[31](30/43): Avg. Loss: 0.3796
===> Epoch[31](40/43): Avg. Loss: 0.4085
Test Error: 
	Accuracy: 74.1%, Avg loss: 0.759279 
===> Epoch[32](10/43): Avg. Loss: 0.3425
===> Epoch[32](20/43): Avg. Loss: 0.3584
===> Epoch[32](30/43): Avg. Loss: 0.3007
===> Epoch[32](40/43): Avg. Loss: 0.3386
Test Error: 
	Accuracy: 74.7%, Avg loss: 0.782850 
===> Epoch[33](10/43): Avg. Loss: 0.3267
===> Epoch[33](20/43): Avg. Loss: 0.4045
===> Epoch[33](30/43): Avg. Loss: 0.3721
===> Epoch[33](40/43): Avg. Loss: 0.3252
Test Error: 
	Accuracy: 77.6%, Avg loss: 0.993409 
===> Epoch[34](10/43): Avg. Loss: 0.3022
===> Epoch[34](20/43): Avg. Loss: 0.3701
===> Epoch[34](30/43): Avg. Loss: 0.3537
===> Epoch[34](40/43): Avg. Loss: 0.3950
Test Error: 
	Accuracy: 64.4%, Avg loss: 0.927564 
===> Epoch[35](10/43): Avg. Loss: 0.2280
===> Epoch[35](20/43): Avg. Loss: 0.3425
===> Epoch[35](30/43): Avg. Loss: 0.3268
===> Epoch[35](40/43): Avg. Loss: 0.2614
Test Error: 
	Accuracy: 62.6%, Avg loss: 1.097146 
===> Epoch[36](10/43): Avg. Loss: 0.3599
===> Epoch[36](20/43): Avg. Loss: 0.4363
===> Epoch[36](30/43): Avg. Loss: 0.3447
===> Epoch[36](40/43): Avg. Loss: 0.3030
Test Error: 
	Accuracy: 81.0%, Avg loss: 0.813074 
===> Epoch[37](10/43): Avg. Loss: 0.2793
===> Epoch[37](20/43): Avg. Loss: 0.4068
===> Epoch[37](30/43): Avg. Loss: 0.2833
===> Epoch[37](40/43): Avg. Loss: 0.3502
Test Error: 
	Accuracy: 77.6%, Avg loss: 0.649474 
===> Epoch[38](10/43): Avg. Loss: 0.3218
===> Epoch[38](20/43): Avg. Loss: 0.2873
===> Epoch[38](30/43): Avg. Loss: 0.2613
===> Epoch[38](40/43): Avg. Loss: 0.2647
Test Error: 
	Accuracy: 79.3%, Avg loss: 0.757673 
===> Epoch[39](10/43): Avg. Loss: 0.2027
===> Epoch[39](20/43): Avg. Loss: 0.2695
===> Epoch[39](30/43): Avg. Loss: 0.3112
===> Epoch[39](40/43): Avg. Loss: 0.2586
Test Error: 
	Accuracy: 77.6%, Avg loss: 0.859912 
===> Epoch[40](10/43): Avg. Loss: 0.1868
===> Epoch[40](20/43): Avg. Loss: 0.1824
===> Epoch[40](30/43): Avg. Loss: 0.2976
===> Epoch[40](40/43): Avg. Loss: 0.2964
Test Error: 
	Accuracy: 71.8%, Avg loss: 0.830761 
===> Epoch[41](10/43): Avg. Loss: 0.2323
===> Epoch[41](20/43): Avg. Loss: 0.4059
===> Epoch[41](30/43): Avg. Loss: 0.3125
===> Epoch[41](40/43): Avg. Loss: 0.2658
Test Error: 
	Accuracy: 69.5%, Avg loss: 0.916627 
===> Epoch[42](10/43): Avg. Loss: 0.2945
===> Epoch[42](20/43): Avg. Loss: 0.2492
===> Epoch[42](30/43): Avg. Loss: 0.1864
===> Epoch[42](40/43): Avg. Loss: 0.2500
Test Error: 
	Accuracy: 79.6%, Avg loss: 0.603620 
===> Epoch[43](10/43): Avg. Loss: 0.2005
===> Epoch[43](20/43): Avg. Loss: 0.2137
===> Epoch[43](30/43): Avg. Loss: 0.2929
===> Epoch[43](40/43): Avg. Loss: 0.2854
Test Error: 
	Accuracy: 78.7%, Avg loss: 0.851245 
===> Epoch[44](10/43): Avg. Loss: 0.2558
===> Epoch[44](20/43): Avg. Loss: 0.2718
===> Epoch[44](30/43): Avg. Loss: 0.2388
===> Epoch[44](40/43): Avg. Loss: 0.2757
Test Error: 
	Accuracy: 79.9%, Avg loss: 0.595991 
===> Epoch[45](10/43): Avg. Loss: 0.1970
===> Epoch[45](20/43): Avg. Loss: 0.1987
===> Epoch[45](30/43): Avg. Loss: 0.1579
===> Epoch[45](40/43): Avg. Loss: 0.1930
Test Error: 
	Accuracy: 73.6%, Avg loss: 0.921373 
===> Epoch[46](10/43): Avg. Loss: 0.1691
===> Epoch[46](20/43): Avg. Loss: 0.2058
===> Epoch[46](30/43): Avg. Loss: 0.2331
===> Epoch[46](40/43): Avg. Loss: 0.2089
Test Error: 
	Accuracy: 75.9%, Avg loss: 0.724570 
===> Epoch[47](10/43): Avg. Loss: 0.1381
===> Epoch[47](20/43): Avg. Loss: 0.1214
===> Epoch[47](30/43): Avg. Loss: 0.1391
===> Epoch[47](40/43): Avg. Loss: 0.1945
Test Error: 
	Accuracy: 77.9%, Avg loss: 0.703503 
===> Epoch[48](10/43): Avg. Loss: 0.1808
===> Epoch[48](20/43): Avg. Loss: 0.1762
===> Epoch[48](30/43): Avg. Loss: 0.2393
===> Epoch[48](40/43): Avg. Loss: 0.1985
Test Error: 
	Accuracy: 77.9%, Avg loss: 0.726047 
===> Epoch[49](10/43): Avg. Loss: 0.2243
===> Epoch[49](20/43): Avg. Loss: 0.2558
===> Epoch[49](30/43): Avg. Loss: 0.1618
===> Epoch[49](40/43): Avg. Loss: 0.1935
Test Error: 
	Accuracy: 78.7%, Avg loss: 0.690401 
===> Epoch[50](10/43): Avg. Loss: 0.1495
===> Epoch[50](20/43): Avg. Loss: 0.2614
===> Epoch[50](30/43): Avg. Loss: 0.2303
===> Epoch[50](40/43): Avg. Loss: 0.2030
Test Error: 
	Accuracy: 65.8%, Avg loss: 1.035470 
===> Epoch[51](10/43): Avg. Loss: 0.1758
===> Epoch[51](20/43): Avg. Loss: 0.2419
===> Epoch[51](30/43): Avg. Loss: 0.1750
===> Epoch[51](40/43): Avg. Loss: 0.1323
Test Error: 
	Accuracy: 77.9%, Avg loss: 0.793291 
===> Epoch[52](10/43): Avg. Loss: 0.2189
===> Epoch[52](20/43): Avg. Loss: 0.1490
===> Epoch[52](30/43): Avg. Loss: 0.1931
===> Epoch[52](40/43): Avg. Loss: 0.1542
Test Error: 
	Accuracy: 78.4%, Avg loss: 0.870084 
===> Epoch[53](10/43): Avg. Loss: 0.2378
===> Epoch[53](20/43): Avg. Loss: 0.2076
===> Epoch[53](30/43): Avg. Loss: 0.1966
===> Epoch[53](40/43): Avg. Loss: 0.2259
Test Error: 
	Accuracy: 74.4%, Avg loss: 0.885908 
===> Epoch[54](10/43): Avg. Loss: 0.4246
===> Epoch[54](20/43): Avg. Loss: 0.2582
===> Epoch[54](30/43): Avg. Loss: 0.3048
===> Epoch[54](40/43): Avg. Loss: 0.1616
Test Error: 
	Accuracy: 75.6%, Avg loss: 0.853953 
===> Epoch[55](10/43): Avg. Loss: 0.1541
===> Epoch[55](20/43): Avg. Loss: 0.1920
===> Epoch[55](30/43): Avg. Loss: 0.2107
===> Epoch[55](40/43): Avg. Loss: 0.2275
Test Error: 
	Accuracy: 79.0%, Avg loss: 0.740536 
===> Epoch[56](10/43): Avg. Loss: 0.1564
===> Epoch[56](20/43): Avg. Loss: 0.1781
===> Epoch[56](30/43): Avg. Loss: 0.1596
===> Epoch[56](40/43): Avg. Loss: 0.1419
Test Error: 
	Accuracy: 79.6%, Avg loss: 0.763615 
===> Epoch[57](10/43): Avg. Loss: 0.1292
===> Epoch[57](20/43): Avg. Loss: 0.1368
===> Epoch[57](30/43): Avg. Loss: 0.1619
===> Epoch[57](40/43): Avg. Loss: 0.2241
Test Error: 
	Accuracy: 77.6%, Avg loss: 0.686175 
===> Epoch[58](10/43): Avg. Loss: 0.1853
===> Epoch[58](20/43): Avg. Loss: 0.1428
===> Epoch[58](30/43): Avg. Loss: 0.2238
===> Epoch[58](40/43): Avg. Loss: 0.2520
Test Error: 
	Accuracy: 64.9%, Avg loss: 1.221362 
===> Epoch[59](10/43): Avg. Loss: 0.1524
===> Epoch[59](20/43): Avg. Loss: 0.1732
===> Epoch[59](30/43): Avg. Loss: 0.1475
===> Epoch[59](40/43): Avg. Loss: 0.1982
Test Error: 
	Accuracy: 77.6%, Avg loss: 0.916784 
===> Epoch[60](10/43): Avg. Loss: 0.1198
===> Epoch[60](20/43): Avg. Loss: 0.1259
===> Epoch[60](30/43): Avg. Loss: 0.1118
===> Epoch[60](40/43): Avg. Loss: 0.2000
Test Error: 
	Accuracy: 79.0%, Avg loss: 0.835235 
===> Epoch[61](10/43): Avg. Loss: 0.1580
===> Epoch[61](20/43): Avg. Loss: 0.1556
===> Epoch[61](30/43): Avg. Loss: 0.2207
===> Epoch[61](40/43): Avg. Loss: 0.1983
Test Error: 
	Accuracy: 79.0%, Avg loss: 0.868706 
===> Epoch[62](10/43): Avg. Loss: 0.1520
===> Epoch[62](20/43): Avg. Loss: 0.1838
===> Epoch[62](30/43): Avg. Loss: 0.1619
===> Epoch[62](40/43): Avg. Loss: 0.1299
Test Error: 
	Accuracy: 77.3%, Avg loss: 0.921589 
===> Epoch[63](10/43): Avg. Loss: 0.1514
===> Epoch[63](20/43): Avg. Loss: 0.1252
===> Epoch[63](30/43): Avg. Loss: 0.1536
===> Epoch[63](40/43): Avg. Loss: 0.1561
Test Error: 
	Accuracy: 77.3%, Avg loss: 0.832370 
===> Epoch[64](10/43): Avg. Loss: 0.1412
===> Epoch[64](20/43): Avg. Loss: 0.1579
===> Epoch[64](30/43): Avg. Loss: 0.1200
===> Epoch[64](40/43): Avg. Loss: 0.1474
Test Error: 
	Accuracy: 77.9%, Avg loss: 0.798197 
===> Epoch[65](10/43): Avg. Loss: 0.0898
===> Epoch[65](20/43): Avg. Loss: 0.1140
===> Epoch[65](30/43): Avg. Loss: 0.1555
===> Epoch[65](40/43): Avg. Loss: 0.2188
Test Error: 
	Accuracy: 79.0%, Avg loss: 0.874227 
===> Epoch[66](10/43): Avg. Loss: 0.1307
===> Epoch[66](20/43): Avg. Loss: 0.0796
===> Epoch[66](30/43): Avg. Loss: 0.1889
===> Epoch[66](40/43): Avg. Loss: 0.1777
Test Error: 
	Accuracy: 82.2%, Avg loss: 0.743582 
===> Epoch[67](10/43): Avg. Loss: 0.0830
===> Epoch[67](20/43): Avg. Loss: 0.0932
===> Epoch[67](30/43): Avg. Loss: 0.1917
===> Epoch[67](40/43): Avg. Loss: 0.1666
Test Error: 
	Accuracy: 61.2%, Avg loss: 1.817883 
===> Epoch[68](10/43): Avg. Loss: 0.1906
===> Epoch[68](20/43): Avg. Loss: 0.2111
===> Epoch[68](30/43): Avg. Loss: 0.1548
===> Epoch[68](40/43): Avg. Loss: 0.2399
Test Error: 
	Accuracy: 79.3%, Avg loss: 0.758699 
===> Epoch[69](10/43): Avg. Loss: 0.1376
===> Epoch[69](20/43): Avg. Loss: 0.1977
===> Epoch[69](30/43): Avg. Loss: 0.1839
===> Epoch[69](40/43): Avg. Loss: 0.1371
Test Error: 
	Accuracy: 79.3%, Avg loss: 0.713977 
===> Epoch[70](10/43): Avg. Loss: 0.1423
===> Epoch[70](20/43): Avg. Loss: 0.1453
===> Epoch[70](30/43): Avg. Loss: 0.1638
===> Epoch[70](40/43): Avg. Loss: 0.2418
Test Error: 
	Accuracy: 74.1%, Avg loss: 0.804383 
===> Epoch[71](10/43): Avg. Loss: 0.1643
===> Epoch[71](20/43): Avg. Loss: 0.2414
===> Epoch[71](30/43): Avg. Loss: 0.2305
===> Epoch[71](40/43): Avg. Loss: 0.1874
Test Error: 
	Accuracy: 73.3%, Avg loss: 0.945766 
===> Epoch[72](10/43): Avg. Loss: 0.1834
===> Epoch[72](20/43): Avg. Loss: 0.2552
===> Epoch[72](30/43): Avg. Loss: 0.1770
===> Epoch[72](40/43): Avg. Loss: 0.1280
Test Error: 
	Accuracy: 76.7%, Avg loss: 0.894310 
===> Epoch[73](10/43): Avg. Loss: 0.1112
===> Epoch[73](20/43): Avg. Loss: 0.1449
===> Epoch[73](30/43): Avg. Loss: 0.1526
===> Epoch[73](40/43): Avg. Loss: 0.1628
Test Error: 
	Accuracy: 74.4%, Avg loss: 1.043909 
===> Epoch[74](10/43): Avg. Loss: 0.0955
===> Epoch[74](20/43): Avg. Loss: 0.1833
===> Epoch[74](30/43): Avg. Loss: 0.1440
===> Epoch[74](40/43): Avg. Loss: 0.1981
Test Error: 
	Accuracy: 79.9%, Avg loss: 0.809561 
===> Epoch[75](10/43): Avg. Loss: 0.4715
===> Epoch[75](20/43): Avg. Loss: 0.2926
===> Epoch[75](30/43): Avg. Loss: 0.1428
===> Epoch[75](40/43): Avg. Loss: 0.2472
Test Error: 
	Accuracy: 74.4%, Avg loss: 0.791280 
===> Epoch[76](10/43): Avg. Loss: 0.1764
===> Epoch[76](20/43): Avg. Loss: 0.2280
===> Epoch[76](30/43): Avg. Loss: 0.1939
===> Epoch[76](40/43): Avg. Loss: 0.1997
Test Error: 
	Accuracy: 79.3%, Avg loss: 0.840535 
===> Epoch[77](10/43): Avg. Loss: 0.1431
===> Epoch[77](20/43): Avg. Loss: 0.1060
===> Epoch[77](30/43): Avg. Loss: 0.1444
===> Epoch[77](40/43): Avg. Loss: 0.1482
Test Error: 
	Accuracy: 78.4%, Avg loss: 0.697927 
===> Epoch[78](10/43): Avg. Loss: 0.1114
===> Epoch[78](20/43): Avg. Loss: 0.1898
===> Epoch[78](30/43): Avg. Loss: 0.1657
===> Epoch[78](40/43): Avg. Loss: 0.1465
Test Error: 
	Accuracy: 77.3%, Avg loss: 0.952737 
===> Epoch[79](10/43): Avg. Loss: 0.1419
===> Epoch[79](20/43): Avg. Loss: 0.1847
===> Epoch[79](30/43): Avg. Loss: 0.1352
===> Epoch[79](40/43): Avg. Loss: 0.0797
Test Error: 
	Accuracy: 75.9%, Avg loss: 0.952535 
===> Epoch[80](10/43): Avg. Loss: 0.0892
===> Epoch[80](20/43): Avg. Loss: 0.0905
===> Epoch[80](30/43): Avg. Loss: 0.1314
===> Epoch[80](40/43): Avg. Loss: 0.1634
Test Error: 
	Accuracy: 78.7%, Avg loss: 0.819286 
===> Epoch[81](10/43): Avg. Loss: 0.1319
===> Epoch[81](20/43): Avg. Loss: 0.1566
===> Epoch[81](30/43): Avg. Loss: 0.1499
===> Epoch[81](40/43): Avg. Loss: 0.1928
Test Error: 
	Accuracy: 77.9%, Avg loss: 1.006400 
===> Epoch[82](10/43): Avg. Loss: 0.1619
===> Epoch[82](20/43): Avg. Loss: 0.3176
===> Epoch[82](30/43): Avg. Loss: 0.2842
===> Epoch[82](40/43): Avg. Loss: 0.2123
Test Error: 
	Accuracy: 72.1%, Avg loss: 0.965695 
===> Epoch[83](10/43): Avg. Loss: 0.2246
===> Epoch[83](20/43): Avg. Loss: 0.1550
===> Epoch[83](30/43): Avg. Loss: 0.1347
===> Epoch[83](40/43): Avg. Loss: 0.1964
Test Error: 
	Accuracy: 76.7%, Avg loss: 0.844622 
===> Epoch[84](10/43): Avg. Loss: 0.1670
===> Epoch[84](20/43): Avg. Loss: 0.1358
===> Epoch[84](30/43): Avg. Loss: 0.0816
===> Epoch[84](40/43): Avg. Loss: 0.0825
Test Error: 
	Accuracy: 79.3%, Avg loss: 0.866046 
===> Epoch[85](10/43): Avg. Loss: 0.0876
===> Epoch[85](20/43): Avg. Loss: 0.0961
===> Epoch[85](30/43): Avg. Loss: 0.1171
===> Epoch[85](40/43): Avg. Loss: 0.1344
Test Error: 
	Accuracy: 77.9%, Avg loss: 0.877217 
===> Epoch[86](10/43): Avg. Loss: 0.1077
===> Epoch[86](20/43): Avg. Loss: 0.1140
===> Epoch[86](30/43): Avg. Loss: 0.0790
===> Epoch[86](40/43): Avg. Loss: 0.1108
Test Error: 
	Accuracy: 78.7%, Avg loss: 0.902420 
===> Epoch[87](10/43): Avg. Loss: 0.1171
===> Epoch[87](20/43): Avg. Loss: 0.0545
===> Epoch[87](30/43): Avg. Loss: 0.1161
===> Epoch[87](40/43): Avg. Loss: 0.1692
Test Error: 
	Accuracy: 78.7%, Avg loss: 0.949656 
===> Epoch[88](10/43): Avg. Loss: 0.0994
===> Epoch[88](20/43): Avg. Loss: 0.0818
===> Epoch[88](30/43): Avg. Loss: 0.0491
===> Epoch[88](40/43): Avg. Loss: 0.1955
Test Error: 
	Accuracy: 79.3%, Avg loss: 0.860948 
===> Epoch[89](10/43): Avg. Loss: 0.0754
===> Epoch[89](20/43): Avg. Loss: 0.1358
===> Epoch[89](30/43): Avg. Loss: 0.1186
===> Epoch[89](40/43): Avg. Loss: 0.0817
Test Error: 
	Accuracy: 81.0%, Avg loss: 0.757929 
===> Epoch[90](10/43): Avg. Loss: 0.0661
===> Epoch[90](20/43): Avg. Loss: 0.0775
===> Epoch[90](30/43): Avg. Loss: 0.1064
===> Epoch[90](40/43): Avg. Loss: 0.1460
Test Error: 
	Accuracy: 76.7%, Avg loss: 0.865025 
===> Epoch[91](10/43): Avg. Loss: 0.0856
===> Epoch[91](20/43): Avg. Loss: 0.1169
===> Epoch[91](30/43): Avg. Loss: 0.0785
===> Epoch[91](40/43): Avg. Loss: 0.0957
Test Error: 
	Accuracy: 78.7%, Avg loss: 0.896791 
===> Epoch[92](10/43): Avg. Loss: 0.1123
===> Epoch[92](20/43): Avg. Loss: 0.0685
===> Epoch[92](30/43): Avg. Loss: 0.0931
===> Epoch[92](40/43): Avg. Loss: 0.0932
Test Error: 
	Accuracy: 77.3%, Avg loss: 0.814985 
===> Epoch[93](10/43): Avg. Loss: 0.0494
===> Epoch[93](20/43): Avg. Loss: 0.1022
===> Epoch[93](30/43): Avg. Loss: 0.1034
===> Epoch[93](40/43): Avg. Loss: 0.1424
Test Error: 
	Accuracy: 80.5%, Avg loss: 0.893948 
===> Epoch[94](10/43): Avg. Loss: 0.1290
===> Epoch[94](20/43): Avg. Loss: 0.1853
===> Epoch[94](30/43): Avg. Loss: 0.1096
===> Epoch[94](40/43): Avg. Loss: 0.1479
