random seed=777
dataset configuration: batch size = 16
===> Epoch[1](10/43): Avg. Loss: 0.0616
===> Epoch[1](20/43): Avg. Loss: 0.0785
===> Epoch[1](30/43): Avg. Loss: 0.0906
===> Epoch[1](40/43): Avg. Loss: 0.0520
Test Error: 
	Accuracy: 80.2%, Avg loss: 1.143062 
===> Epoch[2](10/43): Avg. Loss: 0.0622
===> Epoch[2](20/43): Avg. Loss: 0.0708
===> Epoch[2](30/43): Avg. Loss: 0.0452
===> Epoch[2](40/43): Avg. Loss: 0.0880
Test Error: 
	Accuracy: 77.9%, Avg loss: 1.185539 
===> Epoch[3](10/43): Avg. Loss: 0.0771
===> Epoch[3](20/43): Avg. Loss: 0.0445
===> Epoch[3](30/43): Avg. Loss: 0.0852
===> Epoch[3](40/43): Avg. Loss: 0.0841
Test Error: 
	Accuracy: 77.9%, Avg loss: 1.118720 
===> Epoch[4](10/43): Avg. Loss: 0.0457
===> Epoch[4](20/43): Avg. Loss: 0.0922
===> Epoch[4](30/43): Avg. Loss: 0.0672
===> Epoch[4](40/43): Avg. Loss: 0.0834
Test Error: 
	Accuracy: 80.7%, Avg loss: 1.083127 
===> Epoch[5](10/43): Avg. Loss: 0.0754
===> Epoch[5](20/43): Avg. Loss: 0.0853
===> Epoch[5](30/43): Avg. Loss: 0.0504
===> Epoch[5](40/43): Avg. Loss: 0.0650
Test Error: 
	Accuracy: 78.4%, Avg loss: 1.105040 
===> Epoch[6](10/43): Avg. Loss: 0.1035
===> Epoch[6](20/43): Avg. Loss: 0.0834
===> Epoch[6](30/43): Avg. Loss: 0.0753
===> Epoch[6](40/43): Avg. Loss: 0.0562
Test Error: 
	Accuracy: 77.0%, Avg loss: 1.118296 
===> Epoch[7](10/43): Avg. Loss: 0.0815
===> Epoch[7](20/43): Avg. Loss: 0.0528
===> Epoch[7](30/43): Avg. Loss: 0.1085
===> Epoch[7](40/43): Avg. Loss: 0.0475
Test Error: 
	Accuracy: 77.0%, Avg loss: 1.045755 
===> Epoch[8](10/43): Avg. Loss: 0.0420
===> Epoch[8](20/43): Avg. Loss: 0.1120
===> Epoch[8](30/43): Avg. Loss: 0.1450
===> Epoch[8](40/43): Avg. Loss: 0.1295
Test Error: 
	Accuracy: 75.6%, Avg loss: 1.196251 
===> Epoch[9](10/43): Avg. Loss: 0.0907
===> Epoch[9](20/43): Avg. Loss: 0.0672
===> Epoch[9](30/43): Avg. Loss: 0.0386
===> Epoch[9](40/43): Avg. Loss: 0.0793
Test Error: 
	Accuracy: 77.9%, Avg loss: 1.084392 
===> Epoch[10](10/43): Avg. Loss: 0.0800
===> Epoch[10](20/43): Avg. Loss: 0.0340
===> Epoch[10](30/43): Avg. Loss: 0.0713
===> Epoch[10](40/43): Avg. Loss: 0.0531
Test Error: 
	Accuracy: 79.3%, Avg loss: 1.117239 
===> Epoch[11](10/43): Avg. Loss: 0.0631
===> Epoch[11](20/43): Avg. Loss: 0.0290
===> Epoch[11](30/43): Avg. Loss: 0.0550
===> Epoch[11](40/43): Avg. Loss: 0.0936
Test Error: 
	Accuracy: 79.3%, Avg loss: 1.156262 
===> Epoch[12](10/43): Avg. Loss: 0.0853
===> Epoch[12](20/43): Avg. Loss: 0.0613
===> Epoch[12](30/43): Avg. Loss: 0.0674
===> Epoch[12](40/43): Avg. Loss: 0.0484
Test Error: 
	Accuracy: 76.4%, Avg loss: 1.255733 
===> Epoch[13](10/43): Avg. Loss: 0.0678
===> Epoch[13](20/43): Avg. Loss: 0.0579
===> Epoch[13](30/43): Avg. Loss: 0.0957
===> Epoch[13](40/43): Avg. Loss: 0.0761
Test Error: 
	Accuracy: 78.4%, Avg loss: 1.137642 
===> Epoch[14](10/43): Avg. Loss: 0.0649
===> Epoch[14](20/43): Avg. Loss: 0.0851
===> Epoch[14](30/43): Avg. Loss: 0.0605
===> Epoch[14](40/43): Avg. Loss: 0.0732
Test Error: 
	Accuracy: 76.7%, Avg loss: 1.089278 
===> Epoch[15](10/43): Avg. Loss: 0.0590
===> Epoch[15](20/43): Avg. Loss: 0.0903
===> Epoch[15](30/43): Avg. Loss: 0.0683
===> Epoch[15](40/43): Avg. Loss: 0.0480
Test Error: 
	Accuracy: 77.3%, Avg loss: 1.056487 
===> Epoch[16](10/43): Avg. Loss: 0.0406
===> Epoch[16](20/43): Avg. Loss: 0.0726
===> Epoch[16](30/43): Avg. Loss: 0.1044
===> Epoch[16](40/43): Avg. Loss: 0.0587
Test Error: 
	Accuracy: 79.9%, Avg loss: 1.104617 
===> Epoch[17](10/43): Avg. Loss: 0.0716
===> Epoch[17](20/43): Avg. Loss: 0.0582
===> Epoch[17](30/43): Avg. Loss: 0.0568
===> Epoch[17](40/43): Avg. Loss: 0.0565
Test Error: 
	Accuracy: 78.4%, Avg loss: 1.093722 
===> Epoch[18](10/43): Avg. Loss: 0.0669
===> Epoch[18](20/43): Avg. Loss: 0.0419
===> Epoch[18](30/43): Avg. Loss: 0.0647
===> Epoch[18](40/43): Avg. Loss: 0.0839
Test Error: 
	Accuracy: 79.0%, Avg loss: 1.082706 
===> Epoch[19](10/43): Avg. Loss: 0.0656
===> Epoch[19](20/43): Avg. Loss: 0.0621
===> Epoch[19](30/43): Avg. Loss: 0.1186
===> Epoch[19](40/43): Avg. Loss: 0.0330
Test Error: 
	Accuracy: 79.3%, Avg loss: 1.118182 
===> Epoch[20](10/43): Avg. Loss: 0.0501
===> Epoch[20](20/43): Avg. Loss: 0.0722
===> Epoch[20](30/43): Avg. Loss: 0.0687
===> Epoch[20](40/43): Avg. Loss: 0.0435
Test Error: 
	Accuracy: 80.2%, Avg loss: 1.214609 
===> Epoch[21](10/43): Avg. Loss: 0.0800
===> Epoch[21](20/43): Avg. Loss: 0.1560
===> Epoch[21](30/43): Avg. Loss: 0.0970
===> Epoch[21](40/43): Avg. Loss: 0.0916
Test Error: 
	Accuracy: 79.3%, Avg loss: 1.060585 
===> Epoch[22](10/43): Avg. Loss: 0.0418
===> Epoch[22](20/43): Avg. Loss: 0.0617
===> Epoch[22](30/43): Avg. Loss: 0.0747
===> Epoch[22](40/43): Avg. Loss: 0.0929
Test Error: 
	Accuracy: 79.9%, Avg loss: 1.087220 
===> Epoch[23](10/43): Avg. Loss: 0.0668
===> Epoch[23](20/43): Avg. Loss: 0.0405
===> Epoch[23](30/43): Avg. Loss: 0.0642
===> Epoch[23](40/43): Avg. Loss: 0.0942
Test Error: 
	Accuracy: 78.2%, Avg loss: 1.099903 
===> Epoch[24](10/43): Avg. Loss: 0.0387
===> Epoch[24](20/43): Avg. Loss: 0.0744
===> Epoch[24](30/43): Avg. Loss: 0.0571
===> Epoch[24](40/43): Avg. Loss: 0.0781
Test Error: 
	Accuracy: 78.4%, Avg loss: 1.069927 
===> Epoch[25](10/43): Avg. Loss: 0.0794
===> Epoch[25](20/43): Avg. Loss: 0.0487
===> Epoch[25](30/43): Avg. Loss: 0.0382
===> Epoch[25](40/43): Avg. Loss: 0.0767
Test Error: 
	Accuracy: 80.2%, Avg loss: 1.199329 
===> Epoch[26](10/43): Avg. Loss: 0.0852
===> Epoch[26](20/43): Avg. Loss: 0.0718
===> Epoch[26](30/43): Avg. Loss: 0.0943
===> Epoch[26](40/43): Avg. Loss: 0.0967
Test Error: 
	Accuracy: 77.3%, Avg loss: 1.123104 
===> Epoch[27](10/43): Avg. Loss: 0.0610
===> Epoch[27](20/43): Avg. Loss: 0.0696
===> Epoch[27](30/43): Avg. Loss: 0.0502
===> Epoch[27](40/43): Avg. Loss: 0.0661
Test Error: 
	Accuracy: 79.9%, Avg loss: 1.117990 
===> Epoch[28](10/43): Avg. Loss: 0.0371
===> Epoch[28](20/43): Avg. Loss: 0.0303
===> Epoch[28](30/43): Avg. Loss: 0.0815
===> Epoch[28](40/43): Avg. Loss: 0.1086
Test Error: 
	Accuracy: 77.3%, Avg loss: 1.140556 
===> Epoch[29](10/43): Avg. Loss: 0.0540
===> Epoch[29](20/43): Avg. Loss: 0.0358
===> Epoch[29](30/43): Avg. Loss: 0.1077
===> Epoch[29](40/43): Avg. Loss: 0.0579
Test Error: 
	Accuracy: 80.5%, Avg loss: 1.141182 
===> Epoch[30](10/43): Avg. Loss: 0.0508
===> Epoch[30](20/43): Avg. Loss: 0.0518
===> Epoch[30](30/43): Avg. Loss: 0.0407
===> Epoch[30](40/43): Avg. Loss: 0.0811
Test Error: 
	Accuracy: 79.9%, Avg loss: 1.141556 
===> Epoch[31](10/43): Avg. Loss: 0.0469
===> Epoch[31](20/43): Avg. Loss: 0.0661
===> Epoch[31](30/43): Avg. Loss: 0.0787
===> Epoch[31](40/43): Avg. Loss: 0.0498
Test Error: 
	Accuracy: 75.3%, Avg loss: 1.200312 
===> Epoch[32](10/43): Avg. Loss: 0.0428
===> Epoch[32](20/43): Avg. Loss: 0.1146
===> Epoch[32](30/43): Avg. Loss: 0.0491
===> Epoch[32](40/43): Avg. Loss: 0.0509
Test Error: 
	Accuracy: 77.0%, Avg loss: 1.112399 
===> Epoch[33](10/43): Avg. Loss: 0.0554
===> Epoch[33](20/43): Avg. Loss: 0.0425
===> Epoch[33](30/43): Avg. Loss: 0.0744
===> Epoch[33](40/43): Avg. Loss: 0.0591
Test Error: 
	Accuracy: 77.9%, Avg loss: 1.121824 
===> Epoch[34](10/43): Avg. Loss: 0.0582
===> Epoch[34](20/43): Avg. Loss: 0.0629
===> Epoch[34](30/43): Avg. Loss: 0.0750
===> Epoch[34](40/43): Avg. Loss: 0.0614
Test Error: 
	Accuracy: 79.0%, Avg loss: 1.099383 
===> Epoch[35](10/43): Avg. Loss: 0.0695
===> Epoch[35](20/43): Avg. Loss: 0.0412
===> Epoch[35](30/43): Avg. Loss: 0.0500
===> Epoch[35](40/43): Avg. Loss: 0.0657
Test Error: 
	Accuracy: 78.7%, Avg loss: 1.163401 
===> Epoch[36](10/43): Avg. Loss: 0.0363
===> Epoch[36](20/43): Avg. Loss: 0.0662
===> Epoch[36](30/43): Avg. Loss: 0.0585
===> Epoch[36](40/43): Avg. Loss: 0.0874
Test Error: 
	Accuracy: 77.3%, Avg loss: 1.112658 
===> Epoch[37](10/43): Avg. Loss: 0.1184
===> Epoch[37](20/43): Avg. Loss: 0.0850
===> Epoch[37](30/43): Avg. Loss: 0.0766
===> Epoch[37](40/43): Avg. Loss: 0.0609
Test Error: 
	Accuracy: 79.9%, Avg loss: 1.055994 
===> Epoch[38](10/43): Avg. Loss: 0.0672
===> Epoch[38](20/43): Avg. Loss: 0.0655
===> Epoch[38](30/43): Avg. Loss: 0.0711
===> Epoch[38](40/43): Avg. Loss: 0.0552
Test Error: 
	Accuracy: 80.7%, Avg loss: 1.026754 
===> Epoch[39](10/43): Avg. Loss: 0.0789
===> Epoch[39](20/43): Avg. Loss: 0.0606
===> Epoch[39](30/43): Avg. Loss: 0.0674
===> Epoch[39](40/43): Avg. Loss: 0.0568
Test Error: 
	Accuracy: 80.5%, Avg loss: 1.062193 
===> Epoch[40](10/43): Avg. Loss: 0.1034
===> Epoch[40](20/43): Avg. Loss: 0.0777
===> Epoch[40](30/43): Avg. Loss: 0.0355
===> Epoch[40](40/43): Avg. Loss: 0.0491
Test Error: 
	Accuracy: 80.2%, Avg loss: 1.056034 
===> Epoch[41](10/43): Avg. Loss: 0.0791
===> Epoch[41](20/43): Avg. Loss: 0.0498
===> Epoch[41](30/43): Avg. Loss: 0.0630
===> Epoch[41](40/43): Avg. Loss: 0.0605
Test Error: 
	Accuracy: 79.0%, Avg loss: 0.953751 
===> Epoch[42](10/43): Avg. Loss: 0.0580
===> Epoch[42](20/43): Avg. Loss: 0.0608
===> Epoch[42](30/43): Avg. Loss: 0.0578
===> Epoch[42](40/43): Avg. Loss: 0.0890
Test Error: 
	Accuracy: 79.9%, Avg loss: 1.010821 
===> Epoch[43](10/43): Avg. Loss: 0.0641
===> Epoch[43](20/43): Avg. Loss: 0.0549
===> Epoch[43](30/43): Avg. Loss: 0.0738
===> Epoch[43](40/43): Avg. Loss: 0.0600
Test Error: 
	Accuracy: 80.5%, Avg loss: 1.056392 
===> Epoch[44](10/43): Avg. Loss: 0.0432
===> Epoch[44](20/43): Avg. Loss: 0.0576
===> Epoch[44](30/43): Avg. Loss: 0.0602
===> Epoch[44](40/43): Avg. Loss: 0.0748
Test Error: 
	Accuracy: 79.3%, Avg loss: 1.032810 
===> Epoch[45](10/43): Avg. Loss: 0.0949
===> Epoch[45](20/43): Avg. Loss: 0.1109
===> Epoch[45](30/43): Avg. Loss: 0.0878
===> Epoch[45](40/43): Avg. Loss: 0.0748
Test Error: 
	Accuracy: 78.7%, Avg loss: 1.212627 
===> Epoch[46](10/43): Avg. Loss: 0.0654
===> Epoch[46](20/43): Avg. Loss: 0.0726
===> Epoch[46](30/43): Avg. Loss: 0.0452
===> Epoch[46](40/43): Avg. Loss: 0.1055
Test Error: 
	Accuracy: 79.9%, Avg loss: 1.180690 
===> Epoch[47](10/43): Avg. Loss: 0.0501
===> Epoch[47](20/43): Avg. Loss: 0.1000
===> Epoch[47](30/43): Avg. Loss: 0.0734
===> Epoch[47](40/43): Avg. Loss: 0.0358
Test Error: 
	Accuracy: 77.9%, Avg loss: 1.175598 
===> Epoch[48](10/43): Avg. Loss: 0.0432
===> Epoch[48](20/43): Avg. Loss: 0.0699
===> Epoch[48](30/43): Avg. Loss: 0.0594
===> Epoch[48](40/43): Avg. Loss: 0.1268
Test Error: 
	Accuracy: 76.1%, Avg loss: 1.245925 
===> Epoch[49](10/43): Avg. Loss: 0.0599
===> Epoch[49](20/43): Avg. Loss: 0.1109
===> Epoch[49](30/43): Avg. Loss: 0.1287
===> Epoch[49](40/43): Avg. Loss: 0.1112
Test Error: 
	Accuracy: 71.6%, Avg loss: 1.091910 
===> Epoch[50](10/43): Avg. Loss: 0.0678
===> Epoch[50](20/43): Avg. Loss: 0.0523
===> Epoch[50](30/43): Avg. Loss: 0.0592
===> Epoch[50](40/43): Avg. Loss: 0.0839
Test Error: 
	Accuracy: 75.3%, Avg loss: 1.116732 
===> Epoch[51](10/43): Avg. Loss: 0.1025
===> Epoch[51](20/43): Avg. Loss: 0.0898
===> Epoch[51](30/43): Avg. Loss: 0.1380
===> Epoch[51](40/43): Avg. Loss: 0.0801
Test Error: 
	Accuracy: 79.9%, Avg loss: 1.036499 
===> Epoch[52](10/43): Avg. Loss: 0.0781
===> Epoch[52](20/43): Avg. Loss: 0.0476
===> Epoch[52](30/43): Avg. Loss: 0.0377
===> Epoch[52](40/43): Avg. Loss: 0.0885
Test Error: 
	Accuracy: 79.0%, Avg loss: 0.999207 
===> Epoch[53](10/43): Avg. Loss: 0.0271
===> Epoch[53](20/43): Avg. Loss: 0.0580
===> Epoch[53](30/43): Avg. Loss: 0.0713
===> Epoch[53](40/43): Avg. Loss: 0.0840
Test Error: 
	Accuracy: 75.3%, Avg loss: 1.052295 
===> Epoch[54](10/43): Avg. Loss: 0.0397
===> Epoch[54](20/43): Avg. Loss: 0.1085
===> Epoch[54](30/43): Avg. Loss: 0.1595
===> Epoch[54](40/43): Avg. Loss: 0.0524
Test Error: 
	Accuracy: 78.4%, Avg loss: 1.343050 
===> Epoch[55](10/43): Avg. Loss: 0.0829
===> Epoch[55](20/43): Avg. Loss: 0.1089
===> Epoch[55](30/43): Avg. Loss: 0.0821
===> Epoch[55](40/43): Avg. Loss: 0.0457
Test Error: 
	Accuracy: 77.3%, Avg loss: 1.104114 
===> Epoch[56](10/43): Avg. Loss: 0.1145
===> Epoch[56](20/43): Avg. Loss: 0.0552
===> Epoch[56](30/43): Avg. Loss: 0.0520
===> Epoch[56](40/43): Avg. Loss: 0.0346
Test Error: 
	Accuracy: 79.9%, Avg loss: 1.108736 
===> Epoch[57](10/43): Avg. Loss: 0.0533
===> Epoch[57](20/43): Avg. Loss: 0.0602
===> Epoch[57](30/43): Avg. Loss: 0.1024
===> Epoch[57](40/43): Avg. Loss: 0.0461
Test Error: 
	Accuracy: 79.3%, Avg loss: 1.103615 
===> Epoch[58](10/43): Avg. Loss: 0.0970
===> Epoch[58](20/43): Avg. Loss: 0.0460
===> Epoch[58](30/43): Avg. Loss: 0.1447
===> Epoch[58](40/43): Avg. Loss: 0.0417
Test Error: 
	Accuracy: 76.1%, Avg loss: 1.094059 
===> Epoch[59](10/43): Avg. Loss: 0.0813
===> Epoch[59](20/43): Avg. Loss: 0.0748
===> Epoch[59](30/43): Avg. Loss: 0.0421
===> Epoch[59](40/43): Avg. Loss: 0.0684
Test Error: 
	Accuracy: 76.4%, Avg loss: 1.122325 
===> Epoch[60](10/43): Avg. Loss: 0.0609
===> Epoch[60](20/43): Avg. Loss: 0.0632
===> Epoch[60](30/43): Avg. Loss: 0.0960
===> Epoch[60](40/43): Avg. Loss: 0.0350
Test Error: 
	Accuracy: 77.3%, Avg loss: 1.182892 
===> Epoch[61](10/43): Avg. Loss: 0.0547
===> Epoch[61](20/43): Avg. Loss: 0.0600
===> Epoch[61](30/43): Avg. Loss: 0.0748
===> Epoch[61](40/43): Avg. Loss: 0.0569
Test Error: 
	Accuracy: 76.7%, Avg loss: 1.134139 
===> Epoch[62](10/43): Avg. Loss: 0.0456
===> Epoch[62](20/43): Avg. Loss: 0.0888
===> Epoch[62](30/43): Avg. Loss: 0.0678
===> Epoch[62](40/43): Avg. Loss: 0.0642
Test Error: 
	Accuracy: 77.3%, Avg loss: 1.132243 
===> Epoch[63](10/43): Avg. Loss: 0.0557
===> Epoch[63](20/43): Avg. Loss: 0.0752
===> Epoch[63](30/43): Avg. Loss: 0.0572
===> Epoch[63](40/43): Avg. Loss: 0.0622
Test Error: 
	Accuracy: 75.9%, Avg loss: 1.163306 
===> Epoch[64](10/43): Avg. Loss: 0.0336
===> Epoch[64](20/43): Avg. Loss: 0.0587
===> Epoch[64](30/43): Avg. Loss: 0.0546
===> Epoch[64](40/43): Avg. Loss: 0.0963
Test Error: 
	Accuracy: 77.3%, Avg loss: 1.171595 
===> Epoch[65](10/43): Avg. Loss: 0.0468
===> Epoch[65](20/43): Avg. Loss: 0.1008
===> Epoch[65](30/43): Avg. Loss: 0.0634
===> Epoch[65](40/43): Avg. Loss: 0.0859
Test Error: 
	Accuracy: 77.3%, Avg loss: 1.139901 
===> Epoch[66](10/43): Avg. Loss: 0.0488
===> Epoch[66](20/43): Avg. Loss: 0.0536
===> Epoch[66](30/43): Avg. Loss: 0.0616
===> Epoch[66](40/43): Avg. Loss: 0.0850
Test Error: 
	Accuracy: 78.2%, Avg loss: 1.142070 
===> Epoch[67](10/43): Avg. Loss: 0.0399
===> Epoch[67](20/43): Avg. Loss: 0.1075
===> Epoch[67](30/43): Avg. Loss: 0.0488
===> Epoch[67](40/43): Avg. Loss: 0.0658
Test Error: 
	Accuracy: 79.0%, Avg loss: 1.067997 
===> Epoch[68](10/43): Avg. Loss: 0.0379
===> Epoch[68](20/43): Avg. Loss: 0.0616
===> Epoch[68](30/43): Avg. Loss: 0.0496
===> Epoch[68](40/43): Avg. Loss: 0.0898
Test Error: 
	Accuracy: 78.4%, Avg loss: 1.113117 
===> Epoch[69](10/43): Avg. Loss: 0.0436
===> Epoch[69](20/43): Avg. Loss: 0.0561
===> Epoch[69](30/43): Avg. Loss: 0.0813
===> Epoch[69](40/43): Avg. Loss: 0.0593
Test Error: 
	Accuracy: 78.7%, Avg loss: 1.129610 
===> Epoch[70](10/43): Avg. Loss: 0.0639
===> Epoch[70](20/43): Avg. Loss: 0.0457
===> Epoch[70](30/43): Avg. Loss: 0.0786
===> Epoch[70](40/43): Avg. Loss: 0.0471
Test Error: 
	Accuracy: 79.0%, Avg loss: 1.102896 
===> Epoch[71](10/43): Avg. Loss: 0.0462
===> Epoch[71](20/43): Avg. Loss: 0.1007
===> Epoch[71](30/43): Avg. Loss: 0.0477
===> Epoch[71](40/43): Avg. Loss: 0.0478
Test Error: 
	Accuracy: 78.7%, Avg loss: 1.082581 
===> Epoch[72](10/43): Avg. Loss: 0.0719
===> Epoch[72](20/43): Avg. Loss: 0.0517
===> Epoch[72](30/43): Avg. Loss: 0.0634
===> Epoch[72](40/43): Avg. Loss: 0.0794
Test Error: 
	Accuracy: 80.5%, Avg loss: 1.096970 
===> Epoch[73](10/43): Avg. Loss: 0.0506
===> Epoch[73](20/43): Avg. Loss: 0.0656
===> Epoch[73](30/43): Avg. Loss: 0.0414
===> Epoch[73](40/43): Avg. Loss: 0.0845
Test Error: 
	Accuracy: 77.9%, Avg loss: 1.097316 
===> Epoch[74](10/43): Avg. Loss: 0.0872
===> Epoch[74](20/43): Avg. Loss: 0.0364
===> Epoch[74](30/43): Avg. Loss: 0.0656
===> Epoch[74](40/43): Avg. Loss: 0.0460
Test Error: 
	Accuracy: 79.6%, Avg loss: 1.035456 
===> Epoch[75](10/43): Avg. Loss: 0.0343
===> Epoch[75](20/43): Avg. Loss: 0.0528
===> Epoch[75](30/43): Avg. Loss: 0.0473
===> Epoch[75](40/43): Avg. Loss: 0.0942
Test Error: 
	Accuracy: 80.5%, Avg loss: 1.104351 
===> Epoch[76](10/43): Avg. Loss: 0.0691
===> Epoch[76](20/43): Avg. Loss: 0.0703
===> Epoch[76](30/43): Avg. Loss: 0.0233
===> Epoch[76](40/43): Avg. Loss: 0.0731
Test Error: 
	Accuracy: 77.9%, Avg loss: 1.109444 
===> Epoch[77](10/43): Avg. Loss: 0.0580
===> Epoch[77](20/43): Avg. Loss: 0.0610
===> Epoch[77](30/43): Avg. Loss: 0.0644
===> Epoch[77](40/43): Avg. Loss: 0.0534
Test Error: 
	Accuracy: 80.2%, Avg loss: 1.145328 
===> Epoch[78](10/43): Avg. Loss: 0.0728
===> Epoch[78](20/43): Avg. Loss: 0.0287
===> Epoch[78](30/43): Avg. Loss: 0.0519
===> Epoch[78](40/43): Avg. Loss: 0.0853
Test Error: 
	Accuracy: 79.9%, Avg loss: 1.064654 
===> Epoch[79](10/43): Avg. Loss: 0.0829
===> Epoch[79](20/43): Avg. Loss: 0.0412
===> Epoch[79](30/43): Avg. Loss: 0.0687
===> Epoch[79](40/43): Avg. Loss: 0.0576
Test Error: 
	Accuracy: 80.2%, Avg loss: 1.110924 
===> Epoch[80](10/43): Avg. Loss: 0.0473
===> Epoch[80](20/43): Avg. Loss: 0.0553
===> Epoch[80](30/43): Avg. Loss: 0.0764
===> Epoch[80](40/43): Avg. Loss: 0.0771
Test Error: 
	Accuracy: 80.2%, Avg loss: 1.115848 
===> Epoch[81](10/43): Avg. Loss: 0.0562
===> Epoch[81](20/43): Avg. Loss: 0.0690
===> Epoch[81](30/43): Avg. Loss: 0.0500
===> Epoch[81](40/43): Avg. Loss: 0.0605
Test Error: 
	Accuracy: 79.3%, Avg loss: 1.123298 
===> Epoch[82](10/43): Avg. Loss: 0.0516
===> Epoch[82](20/43): Avg. Loss: 0.0594
===> Epoch[82](30/43): Avg. Loss: 0.0540
===> Epoch[82](40/43): Avg. Loss: 0.0978
Test Error: 
	Accuracy: 80.7%, Avg loss: 1.133020 
===> Epoch[83](10/43): Avg. Loss: 0.0583
===> Epoch[83](20/43): Avg. Loss: 0.1000
===> Epoch[83](30/43): Avg. Loss: 0.0722
===> Epoch[83](40/43): Avg. Loss: 0.0345
Test Error: 
	Accuracy: 77.6%, Avg loss: 1.091442 
===> Epoch[84](10/43): Avg. Loss: 0.0662
===> Epoch[84](20/43): Avg. Loss: 0.0692
===> Epoch[84](30/43): Avg. Loss: 0.0442
===> Epoch[84](40/43): Avg. Loss: 0.0538
Test Error: 
	Accuracy: 78.4%, Avg loss: 1.077428 
===> Epoch[85](10/43): Avg. Loss: 0.0409
===> Epoch[85](20/43): Avg. Loss: 0.0749
===> Epoch[85](30/43): Avg. Loss: 0.0725
===> Epoch[85](40/43): Avg. Loss: 0.0477
Test Error: 
	Accuracy: 78.4%, Avg loss: 1.113420 
===> Epoch[86](10/43): Avg. Loss: 0.1399
===> Epoch[86](20/43): Avg. Loss: 0.0957
===> Epoch[86](30/43): Avg. Loss: 0.0362
===> Epoch[86](40/43): Avg. Loss: 0.0515
Test Error: 
	Accuracy: 76.7%, Avg loss: 1.152725 
===> Epoch[87](10/43): Avg. Loss: 0.0639
===> Epoch[87](20/43): Avg. Loss: 0.0594
===> Epoch[87](30/43): Avg. Loss: 0.0603
===> Epoch[87](40/43): Avg. Loss: 0.0637
Test Error: 
	Accuracy: 77.3%, Avg loss: 1.227618 
===> Epoch[88](10/43): Avg. Loss: 0.0544
===> Epoch[88](20/43): Avg. Loss: 0.0694
===> Epoch[88](30/43): Avg. Loss: 0.0669
===> Epoch[88](40/43): Avg. Loss: 0.0668
Test Error: 
	Accuracy: 76.4%, Avg loss: 1.115358 
===> Epoch[89](10/43): Avg. Loss: 0.0438
===> Epoch[89](20/43): Avg. Loss: 0.0321
===> Epoch[89](30/43): Avg. Loss: 0.0476
===> Epoch[89](40/43): Avg. Loss: 0.1145
Test Error: 
	Accuracy: 79.0%, Avg loss: 1.133408 
===> Epoch[90](10/43): Avg. Loss: 0.0485
===> Epoch[90](20/43): Avg. Loss: 0.0603
===> Epoch[90](30/43): Avg. Loss: 0.0950
===> Epoch[90](40/43): Avg. Loss: 0.0436
Test Error: 
	Accuracy: 78.7%, Avg loss: 1.196916 
===> Epoch[91](10/43): Avg. Loss: 0.1013
===> Epoch[91](20/43): Avg. Loss: 0.0525
===> Epoch[91](30/43): Avg. Loss: 0.0897
===> Epoch[91](40/43): Avg. Loss: 0.0494
Test Error: 
	Accuracy: 77.0%, Avg loss: 1.141135 
===> Epoch[92](10/43): Avg. Loss: 0.0358
===> Epoch[92](20/43): Avg. Loss: 0.0476
===> Epoch[92](30/43): Avg. Loss: 0.0512
===> Epoch[92](40/43): Avg. Loss: 0.0890
Test Error: 
	Accuracy: 78.2%, Avg loss: 1.071468 
===> Epoch[93](10/43): Avg. Loss: 0.0417
===> Epoch[93](20/43): Avg. Loss: 0.0551
===> Epoch[93](30/43): Avg. Loss: 0.0652
===> Epoch[93](40/43): Avg. Loss: 0.0826
Test Error: 
	Accuracy: 79.0%, Avg loss: 1.134375 
===> Epoch[94](10/43): Avg. Loss: 0.0489
===> Epoch[94](20/43): Avg. Loss: 0.0856
===> Epoch[94](30/43): Avg. Loss: 0.0868
===> Epoch[94](40/43): Avg. Loss: 0.0746
Test Error: 
	Accuracy: 78.7%, Avg loss: 1.111971 
===> Epoch[95](10/43): Avg. Loss: 0.0789
===> Epoch[95](20/43): Avg. Loss: 0.0641
===> Epoch[95](30/43): Avg. Loss: 0.0704
===> Epoch[95](40/43): Avg. Loss: 0.0756
Test Error: 
	Accuracy: 76.7%, Avg loss: 1.222150 
===> Epoch[96](10/43): Avg. Loss: 0.0425
===> Epoch[96](20/43): Avg. Loss: 0.0677
===> Epoch[96](30/43): Avg. Loss: 0.0475
===> Epoch[96](40/43): Avg. Loss: 0.0791
Test Error: 
	Accuracy: 77.9%, Avg loss: 1.117942 
===> Epoch[97](10/43): Avg. Loss: 0.0643
===> Epoch[97](20/43): Avg. Loss: 0.0507
===> Epoch[97](30/43): Avg. Loss: 0.0696
===> Epoch[97](40/43): Avg. Loss: 0.0699
Test Error: 
	Accuracy: 79.9%, Avg loss: 1.056055 
===> Epoch[98](10/43): Avg. Loss: 0.0805
===> Epoch[98](20/43): Avg. Loss: 0.0863
===> Epoch[98](30/43): Avg. Loss: 0.0865
===> Epoch[98](40/43): Avg. Loss: 0.1386
Test Error: 
	Accuracy: 80.2%, Avg loss: 1.041491 
===> Epoch[99](10/43): Avg. Loss: 0.0530
===> Epoch[99](20/43): Avg. Loss: 0.1131
===> Epoch[99](30/43): Avg. Loss: 0.0759
===> Epoch[99](40/43): Avg. Loss: 0.0640
Test Error: 
	Accuracy: 77.3%, Avg loss: 1.054785 
===> Epoch[100](10/43): Avg. Loss: 0.0662
===> Epoch[100](20/43): Avg. Loss: 0.0604
===> Epoch[100](30/43): Avg. Loss: 0.0690
===> Epoch[100](40/43): Avg. Loss: 0.1058
Test Error: 
	Accuracy: 80.2%, Avg loss: 1.008019 
===> Epoch[101](10/43): Avg. Loss: 0.0586
===> Epoch[101](20/43): Avg. Loss: 0.2533
===> Epoch[101](30/43): Avg. Loss: 0.0579
===> Epoch[101](40/43): Avg. Loss: 0.1484
Test Error: 
	Accuracy: 78.4%, Avg loss: 1.064247 
===> Epoch[102](10/43): Avg. Loss: 0.0739
===> Epoch[102](20/43): Avg. Loss: 0.0705
===> Epoch[102](30/43): Avg. Loss: 0.0582
===> Epoch[102](40/43): Avg. Loss: 0.0674
Test Error: 
	Accuracy: 79.9%, Avg loss: 0.886142 
===> Epoch[103](10/43): Avg. Loss: 0.0698
===> Epoch[103](20/43): Avg. Loss: 0.0426
===> Epoch[103](30/43): Avg. Loss: 0.0690
===> Epoch[103](40/43): Avg. Loss: 0.0422
Test Error: 
	Accuracy: 78.7%, Avg loss: 0.934060 
===> Epoch[104](10/43): Avg. Loss: 0.0533
===> Epoch[104](20/43): Avg. Loss: 0.0545
===> Epoch[104](30/43): Avg. Loss: 0.0884
===> Epoch[104](40/43): Avg. Loss: 0.0525
Test Error: 
	Accuracy: 78.7%, Avg loss: 1.021924 
===> Epoch[105](10/43): Avg. Loss: 0.0663
===> Epoch[105](20/43): Avg. Loss: 0.0439
===> Epoch[105](30/43): Avg. Loss: 0.0394
===> Epoch[105](40/43): Avg. Loss: 0.0865
Test Error: 
	Accuracy: 79.0%, Avg loss: 0.982201 
===> Epoch[106](10/43): Avg. Loss: 0.0579
===> Epoch[106](20/43): Avg. Loss: 0.0558
===> Epoch[106](30/43): Avg. Loss: 0.0709
===> Epoch[106](40/43): Avg. Loss: 0.0318
Test Error: 
	Accuracy: 80.2%, Avg loss: 0.979675 
===> Epoch[107](10/43): Avg. Loss: 0.0466
===> Epoch[107](20/43): Avg. Loss: 0.0596
===> Epoch[107](30/43): Avg. Loss: 0.0362
===> Epoch[107](40/43): Avg. Loss: 0.0718
Test Error: 
	Accuracy: 78.7%, Avg loss: 0.959916 
===> Epoch[108](10/43): Avg. Loss: 0.0247
===> Epoch[108](20/43): Avg. Loss: 0.0652
===> Epoch[108](30/43): Avg. Loss: 0.0875
===> Epoch[108](40/43): Avg. Loss: 0.0494
Test Error: 
	Accuracy: 80.7%, Avg loss: 0.967250 
===> Epoch[109](10/43): Avg. Loss: 0.0872
===> Epoch[109](20/43): Avg. Loss: 0.0639
===> Epoch[109](30/43): Avg. Loss: 0.0559
===> Epoch[109](40/43): Avg. Loss: 0.0489
Test Error: 
	Accuracy: 79.9%, Avg loss: 1.000732 
===> Epoch[110](10/43): Avg. Loss: 0.0400
===> Epoch[110](20/43): Avg. Loss: 0.0735
===> Epoch[110](30/43): Avg. Loss: 0.0811
===> Epoch[110](40/43): Avg. Loss: 0.0439
Test Error: 
	Accuracy: 80.7%, Avg loss: 0.896428 
===> Epoch[111](10/43): Avg. Loss: 0.0411
===> Epoch[111](20/43): Avg. Loss: 0.0573
===> Epoch[111](30/43): Avg. Loss: 0.0478
===> Epoch[111](40/43): Avg. Loss: 0.0625
Test Error: 
	Accuracy: 80.7%, Avg loss: 0.894697 
===> Epoch[112](10/43): Avg. Loss: 0.0530
===> Epoch[112](20/43): Avg. Loss: 0.0924
===> Epoch[112](30/43): Avg. Loss: 0.0224
===> Epoch[112](40/43): Avg. Loss: 0.0898
Test Error: 
	Accuracy: 81.0%, Avg loss: 0.956798 
===> Epoch[113](10/43): Avg. Loss: 0.0449
===> Epoch[113](20/43): Avg. Loss: 0.0790
===> Epoch[113](30/43): Avg. Loss: 0.0540
===> Epoch[113](40/43): Avg. Loss: 0.0623
Test Error: 
	Accuracy: 79.9%, Avg loss: 0.873460 
===> Epoch[114](10/43): Avg. Loss: 0.0638
===> Epoch[114](20/43): Avg. Loss: 0.0139
===> Epoch[114](30/43): Avg. Loss: 0.0469
===> Epoch[114](40/43): Avg. Loss: 0.0925
Test Error: 
	Accuracy: 81.6%, Avg loss: 0.947419 
===> Epoch[115](10/43): Avg. Loss: 0.0201
===> Epoch[115](20/43): Avg. Loss: 0.0815
===> Epoch[115](30/43): Avg. Loss: 0.0659
===> Epoch[115](40/43): Avg. Loss: 0.0636
Test Error: 
	Accuracy: 81.6%, Avg loss: 0.999111 
===> Epoch[116](10/43): Avg. Loss: 0.0482
===> Epoch[116](20/43): Avg. Loss: 0.0708
===> Epoch[116](30/43): Avg. Loss: 0.0614
===> Epoch[116](40/43): Avg. Loss: 0.0565
Test Error: 
	Accuracy: 80.5%, Avg loss: 0.977134 
===> Epoch[117](10/43): Avg. Loss: 0.0578
===> Epoch[117](20/43): Avg. Loss: 0.0846
===> Epoch[117](30/43): Avg. Loss: 0.0391
===> Epoch[117](40/43): Avg. Loss: 0.0712
Test Error: 
	Accuracy: 80.7%, Avg loss: 0.999750 
===> Epoch[118](10/43): Avg. Loss: 0.0705
===> Epoch[118](20/43): Avg. Loss: 0.0298
===> Epoch[118](30/43): Avg. Loss: 0.0818
===> Epoch[118](40/43): Avg. Loss: 0.0689
Test Error: 
	Accuracy: 76.7%, Avg loss: 1.080504 
===> Epoch[119](10/43): Avg. Loss: 0.0358
===> Epoch[119](20/43): Avg. Loss: 0.0604
===> Epoch[119](30/43): Avg. Loss: 0.0688
===> Epoch[119](40/43): Avg. Loss: 0.0748
Test Error: 
	Accuracy: 79.6%, Avg loss: 1.130740 
===> Epoch[120](10/43): Avg. Loss: 0.0504
===> Epoch[120](20/43): Avg. Loss: 0.0896
===> Epoch[120](30/43): Avg. Loss: 0.0790
===> Epoch[120](40/43): Avg. Loss: 0.0561
Test Error: 
	Accuracy: 80.2%, Avg loss: 1.120198 
===> Epoch[121](10/43): Avg. Loss: 0.0380
===> Epoch[121](20/43): Avg. Loss: 0.0534
===> Epoch[121](30/43): Avg. Loss: 0.0872
===> Epoch[121](40/43): Avg. Loss: 0.1046
Test Error: 
	Accuracy: 75.6%, Avg loss: 1.024422 
===> Epoch[122](10/43): Avg. Loss: 0.0517
===> Epoch[122](20/43): Avg. Loss: 0.1026
===> Epoch[122](30/43): Avg. Loss: 0.0600
===> Epoch[122](40/43): Avg. Loss: 0.0794
Test Error: 
	Accuracy: 80.7%, Avg loss: 0.964181 
===> Epoch[123](10/43): Avg. Loss: 0.0404
===> Epoch[123](20/43): Avg. Loss: 0.0659
===> Epoch[123](30/43): Avg. Loss: 0.0715
===> Epoch[123](40/43): Avg. Loss: 0.0523
Test Error: 
	Accuracy: 78.7%, Avg loss: 0.911943 
===> Epoch[124](10/43): Avg. Loss: 0.0617
===> Epoch[124](20/43): Avg. Loss: 0.1023
===> Epoch[124](30/43): Avg. Loss: 0.0924
===> Epoch[124](40/43): Avg. Loss: 0.0523
Test Error: 
	Accuracy: 81.0%, Avg loss: 1.143343 
===> Epoch[125](10/43): Avg. Loss: 0.0659
===> Epoch[125](20/43): Avg. Loss: 0.1200
===> Epoch[125](30/43): Avg. Loss: 0.0386
===> Epoch[125](40/43): Avg. Loss: 0.0886
Test Error: 
	Accuracy: 76.7%, Avg loss: 1.227732 
===> Epoch[126](10/43): Avg. Loss: 0.0753
===> Epoch[126](20/43): Avg. Loss: 0.0887
===> Epoch[126](30/43): Avg. Loss: 0.0758
===> Epoch[126](40/43): Avg. Loss: 0.0748
Test Error: 
	Accuracy: 80.5%, Avg loss: 1.041301 
===> Epoch[127](10/43): Avg. Loss: 0.0480
===> Epoch[127](20/43): Avg. Loss: 0.0679
===> Epoch[127](30/43): Avg. Loss: 0.0780
===> Epoch[127](40/43): Avg. Loss: 0.0606
Test Error: 
	Accuracy: 79.3%, Avg loss: 0.971216 
===> Epoch[128](10/43): Avg. Loss: 0.0448
===> Epoch[128](20/43): Avg. Loss: 0.0671
===> Epoch[128](30/43): Avg. Loss: 0.1204
===> Epoch[128](40/43): Avg. Loss: 0.0804
Test Error: 
	Accuracy: 81.0%, Avg loss: 0.940287 
===> Epoch[129](10/43): Avg. Loss: 0.0591
===> Epoch[129](20/43): Avg. Loss: 0.0655
===> Epoch[129](30/43): Avg. Loss: 0.0532
===> Epoch[129](40/43): Avg. Loss: 0.0504
Test Error: 
	Accuracy: 81.3%, Avg loss: 0.922125 
===> Epoch[130](10/43): Avg. Loss: 0.0437
===> Epoch[130](20/43): Avg. Loss: 0.0719
===> Epoch[130](30/43): Avg. Loss: 0.0639
===> Epoch[130](40/43): Avg. Loss: 0.0650
Test Error: 
	Accuracy: 78.7%, Avg loss: 0.947964 
===> Epoch[131](10/43): Avg. Loss: 0.0737
===> Epoch[131](20/43): Avg. Loss: 0.0995
===> Epoch[131](30/43): Avg. Loss: 0.0474
===> Epoch[131](40/43): Avg. Loss: 0.0779
Test Error: 
	Accuracy: 80.7%, Avg loss: 0.952730 
===> Epoch[132](10/43): Avg. Loss: 0.0354
===> Epoch[132](20/43): Avg. Loss: 0.1140
===> Epoch[132](30/43): Avg. Loss: 0.0921
===> Epoch[132](40/43): Avg. Loss: 0.0706
Test Error: 
	Accuracy: 81.6%, Avg loss: 1.096188 
===> Epoch[133](10/43): Avg. Loss: 0.0580
===> Epoch[133](20/43): Avg. Loss: 0.0800
===> Epoch[133](30/43): Avg. Loss: 0.0833
===> Epoch[133](40/43): Avg. Loss: 0.0341
Test Error: 
	Accuracy: 80.2%, Avg loss: 0.986804 
===> Epoch[134](10/43): Avg. Loss: 0.0408
===> Epoch[134](20/43): Avg. Loss: 0.0553
===> Epoch[134](30/43): Avg. Loss: 0.0826
===> Epoch[134](40/43): Avg. Loss: 0.0633
Test Error: 
	Accuracy: 81.6%, Avg loss: 1.050614 
===> Epoch[135](10/43): Avg. Loss: 0.0838
===> Epoch[135](20/43): Avg. Loss: 0.0456
===> Epoch[135](30/43): Avg. Loss: 0.0854
===> Epoch[135](40/43): Avg. Loss: 0.0346
Test Error: 
	Accuracy: 79.9%, Avg loss: 0.999497 
===> Epoch[136](10/43): Avg. Loss: 0.0339
===> Epoch[136](20/43): Avg. Loss: 0.0392
===> Epoch[136](30/43): Avg. Loss: 0.0770
===> Epoch[136](40/43): Avg. Loss: 0.0993
Test Error: 
	Accuracy: 78.7%, Avg loss: 1.011997 
===> Epoch[137](10/43): Avg. Loss: 0.0644
===> Epoch[137](20/43): Avg. Loss: 0.0786
===> Epoch[137](30/43): Avg. Loss: 0.0519
===> Epoch[137](40/43): Avg. Loss: 0.0519
Test Error: 
	Accuracy: 78.4%, Avg loss: 0.988578 
===> Epoch[138](10/43): Avg. Loss: 0.0686
===> Epoch[138](20/43): Avg. Loss: 0.0381
===> Epoch[138](30/43): Avg. Loss: 0.0746
===> Epoch[138](40/43): Avg. Loss: 0.0636
Test Error: 
	Accuracy: 78.7%, Avg loss: 1.009667 
===> Epoch[139](10/43): Avg. Loss: 0.0757
===> Epoch[139](20/43): Avg. Loss: 0.0485
===> Epoch[139](30/43): Avg. Loss: 0.0697
===> Epoch[139](40/43): Avg. Loss: 0.0412
Test Error: 
	Accuracy: 79.3%, Avg loss: 1.002102 
===> Epoch[140](10/43): Avg. Loss: 0.0642
===> Epoch[140](20/43): Avg. Loss: 0.0747
===> Epoch[140](30/43): Avg. Loss: 0.0460
===> Epoch[140](40/43): Avg. Loss: 0.0604
Test Error: 
	Accuracy: 78.7%, Avg loss: 1.011048 
===> Epoch[141](10/43): Avg. Loss: 0.0647
===> Epoch[141](20/43): Avg. Loss: 0.0423
===> Epoch[141](30/43): Avg. Loss: 0.0493
===> Epoch[141](40/43): Avg. Loss: 0.0870
Test Error: 
	Accuracy: 78.7%, Avg loss: 1.043355 
===> Epoch[142](10/43): Avg. Loss: 0.0634
===> Epoch[142](20/43): Avg. Loss: 0.0630
===> Epoch[142](30/43): Avg. Loss: 0.0472
===> Epoch[142](40/43): Avg. Loss: 0.0468
Test Error: 
	Accuracy: 78.7%, Avg loss: 1.101304 
===> Epoch[143](10/43): Avg. Loss: 0.0561
===> Epoch[143](20/43): Avg. Loss: 0.0479
===> Epoch[143](30/43): Avg. Loss: 0.0683
===> Epoch[143](40/43): Avg. Loss: 0.0663
Test Error: 
	Accuracy: 78.7%, Avg loss: 1.097960 
===> Epoch[144](10/43): Avg. Loss: 0.0473
===> Epoch[144](20/43): Avg. Loss: 0.0817
===> Epoch[144](30/43): Avg. Loss: 0.0507
===> Epoch[144](40/43): Avg. Loss: 0.0620
Test Error: 
	Accuracy: 79.0%, Avg loss: 1.121347 
===> Epoch[145](10/43): Avg. Loss: 0.0488
===> Epoch[145](20/43): Avg. Loss: 0.0586
===> Epoch[145](30/43): Avg. Loss: 0.0655
===> Epoch[145](40/43): Avg. Loss: 0.0636
Test Error: 
	Accuracy: 79.0%, Avg loss: 1.121596 
===> Epoch[146](10/43): Avg. Loss: 0.0467
===> Epoch[146](20/43): Avg. Loss: 0.0927
===> Epoch[146](30/43): Avg. Loss: 0.0701
===> Epoch[146](40/43): Avg. Loss: 0.0410
Test Error: 
	Accuracy: 77.3%, Avg loss: 1.186087 
===> Epoch[147](10/43): Avg. Loss: 0.0355
===> Epoch[147](20/43): Avg. Loss: 0.0653
===> Epoch[147](30/43): Avg. Loss: 0.0756
===> Epoch[147](40/43): Avg. Loss: 0.0433
Test Error: 
	Accuracy: 77.6%, Avg loss: 1.199044 
===> Epoch[148](10/43): Avg. Loss: 0.0448
===> Epoch[148](20/43): Avg. Loss: 0.0385
===> Epoch[148](30/43): Avg. Loss: 0.0875
===> Epoch[148](40/43): Avg. Loss: 0.0242
Test Error: 
	Accuracy: 79.6%, Avg loss: 1.198833 
===> Epoch[149](10/43): Avg. Loss: 0.0546
===> Epoch[149](20/43): Avg. Loss: 0.0501
===> Epoch[149](30/43): Avg. Loss: 0.0891
===> Epoch[149](40/43): Avg. Loss: 0.0667
Test Error: 
	Accuracy: 79.3%, Avg loss: 1.096030 
===> Epoch[150](10/43): Avg. Loss: 0.0518
===> Epoch[150](20/43): Avg. Loss: 0.0614
===> Epoch[150](30/43): Avg. Loss: 0.0636
===> Epoch[150](40/43): Avg. Loss: 0.0529
Test Error: 
	Accuracy: 78.4%, Avg loss: 1.121513 
